This is pdfTeX, Version 3.14159265-2.6-1.40.18 (TeX Live 2017/Debian) (preloaded format=pdflatex 2019.6.8)  14 OCT 2019 15:12
entering extended mode
 restricted \write18 enabled.
 %&-line parsing enabled.
**chapter2.latex
(./chapter2.latex
LaTeX2e <2017-04-15>
Babel <3.18> and hyphenation patterns for 3 language(s) loaded.
(/usr/share/texlive/texmf-dist/tex/latex/base/book.cls
Document Class: book 2014/09/29 v1.4h Standard LaTeX document class
(/usr/share/texlive/texmf-dist/tex/latex/base/bk12.clo
File: bk12.clo 2014/09/29 v1.4h Standard LaTeX file (size option)
)
\c@part=\count79
\c@chapter=\count80
\c@section=\count81
\c@subsection=\count82
\c@subsubsection=\count83
\c@paragraph=\count84
\c@subparagraph=\count85
\c@figure=\count86
\c@table=\count87
\abovecaptionskip=\skip41
\belowcaptionskip=\skip42
\bibindent=\dimen102
)
(/usr/share/texlive/texmf-dist/tex/latex/geometry/geometry.sty
Package: geometry 2010/09/12 v5.6 Page Geometry

(/usr/share/texlive/texmf-dist/tex/latex/graphics/keyval.sty
Package: keyval 2014/10/28 v1.15 key=value parser (DPC)
\KV@toks@=\toks14
)
(/usr/share/texlive/texmf-dist/tex/generic/oberdiek/ifpdf.sty
Package: ifpdf 2017/03/15 v3.2 Provides the ifpdf switch
)
(/usr/share/texlive/texmf-dist/tex/generic/oberdiek/ifvtex.sty
Package: ifvtex 2016/05/16 v1.6 Detect VTeX and its facilities (HO)
Package ifvtex Info: VTeX not detected.
)
(/usr/share/texlive/texmf-dist/tex/generic/ifxetex/ifxetex.sty
Package: ifxetex 2010/09/12 v0.6 Provides ifxetex conditional
)
\Gm@cnth=\count88
\Gm@cntv=\count89
\c@Gm@tempcnt=\count90
\Gm@bindingoffset=\dimen103
\Gm@wd@mp=\dimen104
\Gm@odd@mp=\dimen105
\Gm@even@mp=\dimen106
\Gm@layoutwidth=\dimen107
\Gm@layoutheight=\dimen108
\Gm@layouthoffset=\dimen109
\Gm@layoutvoffset=\dimen110
\Gm@dimlist=\toks15
)
(/usr/share/texlive/texmf-dist/tex/latex/amsmath/amsmath.sty
Package: amsmath 2017/09/02 v2.17a AMS math features
\@mathmargin=\skip43

For additional information on amsmath, use the `?' option.
(/usr/share/texlive/texmf-dist/tex/latex/amsmath/amstext.sty
Package: amstext 2000/06/29 v2.01 AMS text

(/usr/share/texlive/texmf-dist/tex/latex/amsmath/amsgen.sty
File: amsgen.sty 1999/11/30 v2.0 generic functions
\@emptytoks=\toks16
\ex@=\dimen111
))
(/usr/share/texlive/texmf-dist/tex/latex/amsmath/amsbsy.sty
Package: amsbsy 1999/11/29 v1.2d Bold Symbols
\pmbraise@=\dimen112
)
(/usr/share/texlive/texmf-dist/tex/latex/amsmath/amsopn.sty
Package: amsopn 2016/03/08 v2.02 operator names
)
\inf@bad=\count91
LaTeX Info: Redefining \frac on input line 213.
\uproot@=\count92
\leftroot@=\count93
LaTeX Info: Redefining \overline on input line 375.
\classnum@=\count94
\DOTSCASE@=\count95
LaTeX Info: Redefining \ldots on input line 472.
LaTeX Info: Redefining \dots on input line 475.
LaTeX Info: Redefining \cdots on input line 596.
\Mathstrutbox@=\box26
\strutbox@=\box27
\big@size=\dimen113
LaTeX Font Info:    Redeclaring font encoding OML on input line 712.
LaTeX Font Info:    Redeclaring font encoding OMS on input line 713.
\macc@depth=\count96
\c@MaxMatrixCols=\count97
\dotsspace@=\muskip10
\c@parentequation=\count98
\dspbrk@lvl=\count99
\tag@help=\toks17
\row@=\count100
\column@=\count101
\maxfields@=\count102
\andhelp@=\toks18
\eqnshift@=\dimen114
\alignsep@=\dimen115
\tagshift@=\dimen116
\tagwidth@=\dimen117
\totwidth@=\dimen118
\lineht@=\dimen119
\@envbody=\toks19
\multlinegap=\skip44
\multlinetaggap=\skip45
\mathdisplay@stack=\toks20
LaTeX Info: Redefining \[ on input line 2817.
LaTeX Info: Redefining \] on input line 2818.
)
(/usr/share/texlive/texmf-dist/tex/latex/amsfonts/amsfonts.sty
Package: amsfonts 2013/01/14 v3.01 Basic AMSFonts support
\symAMSa=\mathgroup4
\symAMSb=\mathgroup5
LaTeX Font Info:    Overwriting math alphabet `\mathfrak' in version `bold'
(Font)                  U/euf/m/n --> U/euf/b/n on input line 106.
)
(/usr/share/texlive/texmf-dist/tex/latex/graphics/graphicx.sty
Package: graphicx 2017/06/01 v1.1a Enhanced LaTeX Graphics (DPC,SPQR)

(/usr/share/texlive/texmf-dist/tex/latex/graphics/graphics.sty
Package: graphics 2017/06/25 v1.2c Standard LaTeX Graphics (DPC,SPQR)

(/usr/share/texlive/texmf-dist/tex/latex/graphics/trig.sty
Package: trig 2016/01/03 v1.10 sin cos tan (DPC)
)
(/usr/share/texlive/texmf-dist/tex/latex/graphics-cfg/graphics.cfg
File: graphics.cfg 2016/06/04 v1.11 sample graphics configuration
)
Package graphics Info: Driver file: pdftex.def on input line 99.

(/usr/share/texlive/texmf-dist/tex/latex/graphics-def/pdftex.def
File: pdftex.def 2018/01/08 v1.0l Graphics/color driver for pdftex
))
\Gin@req@height=\dimen120
\Gin@req@width=\dimen121
)
(/usr/share/texlive/texmf-dist/tex/latex/amsfonts/amssymb.sty
Package: amssymb 2013/01/14 v3.01 AMS font symbols
)
(/usr/share/texlive/texmf-dist/tex/latex/natbib/natbib.sty
Package: natbib 2010/09/13 8.31b (PWD, AO)
\bibhang=\skip46
\bibsep=\skip47
LaTeX Info: Redefining \cite on input line 694.
\c@NAT@ctr=\count103
)
(/usr/share/texlive/texmf-dist/tex/latex/subfig/subfig.sty
Package: subfig 2005/06/28 ver: 1.3 subfig package

(/usr/share/texlive/texmf-dist/tex/latex/caption/caption.sty
Package: caption 2016/02/21 v3.3-144 Customizing captions (AR)

(/usr/share/texlive/texmf-dist/tex/latex/caption/caption3.sty
Package: caption3 2016/05/22 v1.7-166 caption3 kernel (AR)
Package caption3 Info: TeX engine: e-TeX on input line 67.
\captionmargin=\dimen122
\captionmargin@=\dimen123
\captionwidth=\dimen124
\caption@tempdima=\dimen125
\caption@indent=\dimen126
\caption@parindent=\dimen127
\caption@hangindent=\dimen128
)
\c@ContinuedFloat=\count104
)
\c@KVtest=\count105
\sf@farskip=\skip48
\sf@captopadj=\dimen129
\sf@capskip=\skip49
\sf@nearskip=\skip50
\c@subfigure=\count106
\c@subfigure@save=\count107
\c@lofdepth=\count108
\c@subtable=\count109
\c@subtable@save=\count110
\c@lotdepth=\count111
\sf@top=\skip51
\sf@bottom=\skip52
)
(/usr/share/texlive/texmf-dist/tex/latex/url/url.sty
\Urlmuskip=\muskip11
Package: url 2013/09/16  ver 3.4  Verb mode for urls, etc.
)
(/usr/share/texlive/texmf-dist/tex/latex/vmargin/vmargin.sty
Package: vmargin 2004/07/15 V2.5 set document margins (VK)

Package: vmargin 2004/07/15 V2.5 set document margins (VK)
\PaperWidth=\dimen130
\PaperHeight=\dimen131
) (./chapter2.aux)
\openout1 = `chapter2.aux'.

LaTeX Font Info:    Checking defaults for OML/cmm/m/it on input line 25.
LaTeX Font Info:    ... okay on input line 25.
LaTeX Font Info:    Checking defaults for T1/cmr/m/n on input line 25.
LaTeX Font Info:    ... okay on input line 25.
LaTeX Font Info:    Checking defaults for OT1/cmr/m/n on input line 25.
LaTeX Font Info:    ... okay on input line 25.
LaTeX Font Info:    Checking defaults for OMS/cmsy/m/n on input line 25.
LaTeX Font Info:    ... okay on input line 25.
LaTeX Font Info:    Checking defaults for OMX/cmex/m/n on input line 25.
LaTeX Font Info:    ... okay on input line 25.
LaTeX Font Info:    Checking defaults for U/cmr/m/n on input line 25.
LaTeX Font Info:    ... okay on input line 25.

*geometry* driver: auto-detecting
*geometry* detected driver: pdftex
*geometry* verbose mode - [ preamble ] result:
* driver: pdftex
* paper: a4paper
* layout: <same size as paper>
* layoutoffset:(h,v)=(0.0pt,0.0pt)
* modes: twoside 
* h-part:(L,W,R)=(72.26999pt, 452.9679pt, 72.26999pt)
* v-part:(T,H,B)=(72.26999pt, 700.50687pt, 72.26999pt)
* \paperwidth=598.14806pt
* \paperheight=845.90042pt
* \textwidth=441.01772pt
* \textheight=625.96062pt
* \oddsidemargin=85.35826pt
* \evensidemargin=71.77208pt
* \topmargin=71.13188pt
* \headheight=14.22636pt
* \headsep=28.45274pt
* \topskip=12.0pt
* \footskip=28.45274pt
* \marginparwidth=88.0pt
* \marginparsep=7.0pt
* \columnsep=10.0pt
* \skip\footins=10.8pt plus 4.0pt minus 2.0pt
* \hoffset=-72.26999pt
* \voffset=-72.26999pt
* \mag=1000
* \@twocolumnfalse
* \@twosidetrue
* \@mparswitchtrue
* \@reversemarginfalse
* (1in=72.27pt=25.4mm, 1cm=28.453pt)

(/usr/share/texlive/texmf-dist/tex/context/base/mkii/supp-pdf.mkii
[Loading MPS to PDF converter (version 2006.09.02).]
\scratchcounter=\count112
\scratchdimen=\dimen132
\scratchbox=\box28
\nofMPsegments=\count113
\nofMParguments=\count114
\everyMPshowfont=\toks21
\MPscratchCnt=\count115
\MPscratchDim=\dimen133
\MPnumerator=\count116
\makeMPintoPDFobject=\count117
\everyMPtoPDFconversion=\toks22
) (/usr/share/texlive/texmf-dist/tex/latex/oberdiek/epstopdf-base.sty
Package: epstopdf-base 2016/05/15 v2.6 Base part for package epstopdf

(/usr/share/texlive/texmf-dist/tex/generic/oberdiek/infwarerr.sty
Package: infwarerr 2016/05/16 v1.4 Providing info/warning/error messages (HO)
)
(/usr/share/texlive/texmf-dist/tex/latex/oberdiek/grfext.sty
Package: grfext 2016/05/16 v1.2 Manage graphics extensions (HO)

(/usr/share/texlive/texmf-dist/tex/generic/oberdiek/kvdefinekeys.sty
Package: kvdefinekeys 2016/05/16 v1.4 Define keys (HO)

(/usr/share/texlive/texmf-dist/tex/generic/oberdiek/ltxcmds.sty
Package: ltxcmds 2016/05/16 v1.23 LaTeX kernel commands for general use (HO)
)))
(/usr/share/texlive/texmf-dist/tex/latex/oberdiek/kvoptions.sty
Package: kvoptions 2016/05/16 v3.12 Key value format for package options (HO)

(/usr/share/texlive/texmf-dist/tex/generic/oberdiek/kvsetkeys.sty
Package: kvsetkeys 2016/05/16 v1.17 Key value parser (HO)

(/usr/share/texlive/texmf-dist/tex/generic/oberdiek/etexcmds.sty
Package: etexcmds 2016/05/16 v1.6 Avoid name clashes with e-TeX commands (HO)

(/usr/share/texlive/texmf-dist/tex/generic/oberdiek/ifluatex.sty
Package: ifluatex 2016/05/16 v1.4 Provides the ifluatex switch (HO)
Package ifluatex Info: LuaTeX not detected.
)
Package etexcmds Info: Could not find \expanded.
(etexcmds)             That can mean that you are not using pdfTeX 1.50 or
(etexcmds)             that some package has redefined \expanded.
(etexcmds)             In the latter case, load this package earlier.
)))
(/usr/share/texlive/texmf-dist/tex/generic/oberdiek/pdftexcmds.sty
Package: pdftexcmds 2018/01/21 v0.26 Utility functions of pdfTeX for LuaTeX (HO
)
Package pdftexcmds Info: LuaTeX not detected.
Package pdftexcmds Info: \pdf@primitive is available.
Package pdftexcmds Info: \pdf@ifprimitive is available.
Package pdftexcmds Info: \pdfdraftmode found.
)
Package epstopdf-base Info: Redefining graphics rule for `.eps' on input line 4
38.
Package grfext Info: Graphics extension search list:
(grfext)             [.pdf,.png,.jpg,.mps,.jpeg,.jbig2,.jb2,.PDF,.PNG,.JPG,.JPE
G,.JBIG2,.JB2,.eps]
(grfext)             \AppendGraphicsExtensions on input line 456.

(/usr/share/texlive/texmf-dist/tex/latex/latexconfig/epstopdf-sys.cfg
File: epstopdf-sys.cfg 2010/07/13 v1.3 Configuration of (r)epstopdf for TeX Liv
e
))
Package caption Info: Begin \AtBeginDocument code.
Package caption Info: subfig package v1.3 is loaded.
Package caption Info: End \AtBeginDocument code.

Chapter 1.
LaTeX Font Info:    Try loading font information for U+msa on input line 40.
(/usr/share/texlive/texmf-dist/tex/latex/amsfonts/umsa.fd
File: umsa.fd 2013/01/14 v3.01 AMS symbols A
)
LaTeX Font Info:    Try loading font information for U+msb on input line 40.

(/usr/share/texlive/texmf-dist/tex/latex/amsfonts/umsb.fd
File: umsb.fd 2013/01/14 v3.01 AMS symbols B
) [1


{/var/lib/texmf/fonts/map/pdftex/updmap/pdftex.map}] [2] [3]
</home/padraig/programming/R/latex/chapter_2/modelling_2.pdf, id=22, 597.47943p
t x 845.01837pt>
File: /home/padraig/programming/R/latex/chapter_2/modelling_2.pdf Graphic file 
(type pdf)
<use /home/padraig/programming/R/latex/chapter_2/modelling_2.pdf>
Package pdftex.def Info: /home/padraig/programming/R/latex/chapter_2/modelling_
2.pdf  used on input line 122.
(pdftex.def)             Requested size: 369.88582pt x 523.13234pt.
 [4] [5 </home/padraig/programming/R/latex/chapter_2/modelling_2.pdf>] [6] [7]
<sin.pdf, id=43, 505.89pt x 505.89pt>
File: sin.pdf Graphic file (type pdf)
<use sin.pdf>
Package pdftex.def Info: sin.pdf  used on input line 215.
(pdftex.def)             Requested size: 369.88582pt x 369.891pt.
 [8 <./sin.pdf>] [9] [10]
<quad_model.pdf, id=60, 505.89pt x 505.89pt>
File: quad_model.pdf Graphic file (type pdf)
<use quad_model.pdf>
Package pdftex.def Info: quad_model.pdf  used on input line 296.
(pdftex.def)             Requested size: 256.0748pt x 256.07838pt.
</home/padraig/programming/R/latex/chapter_2/fda_modelling.pdf, id=61, 597.4794
3pt x 845.01837pt>
File: /home/padraig/programming/R/latex/chapter_2/fda_modelling.pdf Graphic fil
e (type pdf)
<use /home/padraig/programming/R/latex/chapter_2/fda_modelling.pdf>
Package pdftex.def Info: /home/padraig/programming/R/latex/chapter_2/fda_modell
ing.pdf  used on input line 302.
(pdftex.def)             Requested size: 369.88582pt x 523.13234pt.
</home/padraig/programming/R/latex/chapter_2/fda_framework.pdf, id=62, 597.4794
3pt x 588.94357pt>
File: /home/padraig/programming/R/latex/chapter_2/fda_framework.pdf Graphic fil
e (type pdf)
<use /home/padraig/programming/R/latex/chapter_2/fda_framework.pdf>
Package pdftex.def Info: /home/padraig/programming/R/latex/chapter_2/fda_framew
ork.pdf  used on input line 309.
(pdftex.def)             Requested size: 369.88582pt x 364.60204pt.
 [11 <./quad_model.pdf>] [12 </home/padraig/programming/R/latex/chapter_2/fda_m
odelling.pdf>] [13 </home/padraig/programming/R/latex/chapter_2/fda_framework.p
df>]
Overfull \hbox (4.07439pt too wide) in paragraph at lines 331--332
[]\OT1/cmr/m/n/12 Given a fixed value of $\OML/cmm/m/it/12 ^^R;$ \OT1/cmr/m/n/1
2 let $\OML/cmm/m/it/12 f\OT1/cmr/m/n/12 (\OML/cmm/m/it/12 t\OMS/cmsy/m/n/12 j\
OML/cmm/m/it/12 ^^R\OT1/cmr/m/n/12 )$ de-note the func-tion that min-imises $\O
ML/cmm/m/it/12 PENSSE\OT1/cmr/m/n/12 (\OML/cmm/m/it/12 f; ^^R\OT1/cmr/m/n/12 )$
 
 []

</home/padraig/programming/R/latex/chapter_2/2_stage_parameter.pdf, id=93, 845.
01837pt x 1194.98729pt>
File: /home/padraig/programming/R/latex/chapter_2/2_stage_parameter.pdf Graphic
 file (type pdf)
<use /home/padraig/programming/R/latex/chapter_2/2_stage_parameter.pdf>
Package pdftex.def Info: /home/padraig/programming/R/latex/chapter_2/2_stage_pa
rameter.pdf  used on input line 355.
(pdftex.def)             Requested size: 369.88582pt x 523.07918pt.
</home/padraig/programming/R/latex/chapter_2/2_stage_parameter_full.pdf, id=94,
 845.01837pt x 1194.98729pt>
File: /home/padraig/programming/R/latex/chapter_2/2_stage_parameter_full.pdf Gr
aphic file (type pdf)
<use /home/padraig/programming/R/latex/chapter_2/2_stage_parameter_full.pdf>
Package pdftex.def Info: /home/padraig/programming/R/latex/chapter_2/2_stage_pa
rameter_full.pdf  used on input line 362.
(pdftex.def)             Requested size: 369.88582pt x 523.07918pt.
[14] [15 </home/padraig/programming/R/latex/chapter_2/2_stage_parameter.pdf>]
[16 </home/padraig/programming/R/latex/chapter_2/2_stage_parameter_full.pdf>]
</home/padraig/programming/R/latex/chapter_2/tray.pdf, id=128, 505.89pt x 505.8
9pt>
File: /home/padraig/programming/R/latex/chapter_2/tray.pdf Graphic file (type p
df)
<use /home/padraig/programming/R/latex/chapter_2/tray.pdf>
Package pdftex.def Info: /home/padraig/programming/R/latex/chapter_2/tray.pdf  
used on input line 383.
(pdftex.def)             Requested size: 284.52756pt x 284.53154pt.
</home/padraig/programming/R/latex/chapter_2/valve.pdf, id=129, 505.89pt x 505.
89pt>
File: /home/padraig/programming/R/latex/chapter_2/valve.pdf Graphic file (type 
pdf)
<use /home/padraig/programming/R/latex/chapter_2/valve.pdf>
Package pdftex.def Info: /home/padraig/programming/R/latex/chapter_2/valve.pdf 
 used on input line 384.
(pdftex.def)             Requested size: 284.52756pt x 284.53154pt.

[17] [18 </home/padraig/programming/R/latex/chapter_2/tray.pdf> </home/padraig/
programming/R/latex/chapter_2/valve.pdf>]
<piecewise.pdf, id=148, 505.89pt x 505.89pt>
File: piecewise.pdf Graphic file (type pdf)
<use piecewise.pdf>
Package pdftex.def Info: piecewise.pdf  used on input line 436.
(pdftex.def)             Requested size: 441.01772pt x 441.02388pt.
 [19] [20 <./piecewise.pdf>] [21]
[22]
<nls_fit.pdf, id=167, 505.89pt x 505.89pt>
File: nls_fit.pdf Graphic file (type pdf)
<use nls_fit.pdf>
Package pdftex.def Info: nls_fit.pdf  used on input line 580.
(pdftex.def)             Requested size: 441.01772pt x 441.02388pt.
 [23] [24] [25 <./nls_fit.pdf>]
<fda_plot.pdf, id=185, 505.89pt x 505.89pt>
File: fda_plot.pdf Graphic file (type pdf)
<use fda_plot.pdf>
Package pdftex.def Info: fda_plot.pdf  used on input line 607.
(pdftex.def)             Requested size: 441.01772pt x 441.02388pt.
 (./chapter2.bbl [26] [27 <./fda_plot.pdf>]
[28

] [29] [30]) [31] (./chapter2.aux) ) 
Here is how much of TeX's memory you used:
 4706 strings out of 494923
 70776 string characters out of 6180743
 135027 words of memory out of 5000000
 7944 multiletter control sequences out of 15000+600000
 11898 words of font info for 44 fonts, out of 8000000 for 9000
 14 hyphenation exceptions out of 8191
 44i,9n,42p,784b,373s stack positions out of 5000i,500n,10000p,200000b,80000s
</usr/share/texlive/texmf-dist/fonts/type1/
public/amsfonts/cm/cmbx12.pfb></usr/share/texlive/texmf-dist/fonts/type1/public
/amsfonts/cm/cmex10.pfb></usr/share/texlive/texmf-dist/fonts/type1/public/amsfo
nts/cm/cmmi12.pfb></usr/share/texlive/texmf-dist/fonts/type1/public/amsfonts/cm
/cmmi8.pfb></usr/share/texlive/texmf-dist/fonts/type1/public/amsfonts/cm/cmr12.
pfb></usr/share/texlive/texmf-dist/fonts/type1/public/amsfonts/cm/cmr6.pfb></us
r/share/texlive/texmf-dist/fonts/type1/public/amsfonts/cm/cmr8.pfb></usr/share/
texlive/texmf-dist/fonts/type1/public/amsfonts/cm/cmsl12.pfb></usr/share/texliv
e/texmf-dist/fonts/type1/public/amsfonts/cm/cmsy10.pfb></usr/share/texlive/texm
f-dist/fonts/type1/public/amsfonts/cm/cmsy8.pfb></usr/share/texlive/texmf-dist/
fonts/type1/public/amsfonts/cm/cmti12.pfb></usr/share/texlive/texmf-dist/fonts/
type1/public/amsfonts/cm/cmtt12.pfb></usr/share/texlive/texmf-dist/fonts/type1/
public/amsfonts/symbols/msbm10.pfb>
Output written on chapter2.pdf (31 pages, 511505 bytes).
PDF statistics:
 255 PDF objects out of 1000 (max. 8388607)
 174 compressed objects within 2 object streams
 0 named destinations out of 1000 (max. 500000)
 61 words of extra memory for PDF output out of 10000 (max. 10000000)

