This is pdfTeX, Version 3.14159265-2.6-1.40.18 (TeX Live 2017/Debian) (preloaded format=pdflatex 2019.10.17)  6 NOV 2019 09:15
entering extended mode
 restricted \write18 enabled.
 %&-line parsing enabled.
**thesis.latex
(./thesis.latex
LaTeX2e <2017-04-15>
Babel <3.18> and hyphenation patterns for 7 language(s) loaded.
(/usr/share/texlive/texmf-dist/tex/latex/base/report.cls
Document Class: report 2014/09/29 v1.4h Standard LaTeX document class
(/usr/share/texlive/texmf-dist/tex/latex/base/size12.clo
File: size12.clo 2014/09/29 v1.4h Standard LaTeX file (size option)
)
\c@part=\count79
\c@chapter=\count80
\c@section=\count81
\c@subsection=\count82
\c@subsubsection=\count83
\c@paragraph=\count84
\c@subparagraph=\count85
\c@figure=\count86
\c@table=\count87
\abovecaptionskip=\skip41
\belowcaptionskip=\skip42
\bibindent=\dimen102
)
(/usr/share/texlive/texmf-dist/tex/latex/geometry/geometry.sty
Package: geometry 2010/09/12 v5.6 Page Geometry

(/usr/share/texlive/texmf-dist/tex/latex/graphics/keyval.sty
Package: keyval 2014/10/28 v1.15 key=value parser (DPC)
\KV@toks@=\toks14
)
(/usr/share/texlive/texmf-dist/tex/generic/oberdiek/ifpdf.sty
Package: ifpdf 2017/03/15 v3.2 Provides the ifpdf switch
)
(/usr/share/texlive/texmf-dist/tex/generic/oberdiek/ifvtex.sty
Package: ifvtex 2016/05/16 v1.6 Detect VTeX and its facilities (HO)
Package ifvtex Info: VTeX not detected.
)
(/usr/share/texlive/texmf-dist/tex/generic/ifxetex/ifxetex.sty
Package: ifxetex 2010/09/12 v0.6 Provides ifxetex conditional
)
\Gm@cnth=\count88
\Gm@cntv=\count89
\c@Gm@tempcnt=\count90
\Gm@bindingoffset=\dimen103
\Gm@wd@mp=\dimen104
\Gm@odd@mp=\dimen105
\Gm@even@mp=\dimen106
\Gm@layoutwidth=\dimen107
\Gm@layoutheight=\dimen108
\Gm@layouthoffset=\dimen109
\Gm@layoutvoffset=\dimen110
\Gm@dimlist=\toks15
)
(/usr/share/texlive/texmf-dist/tex/latex/amsmath/amsmath.sty
Package: amsmath 2017/09/02 v2.17a AMS math features
\@mathmargin=\skip43

For additional information on amsmath, use the `?' option.
(/usr/share/texlive/texmf-dist/tex/latex/amsmath/amstext.sty
Package: amstext 2000/06/29 v2.01 AMS text

(/usr/share/texlive/texmf-dist/tex/latex/amsmath/amsgen.sty
File: amsgen.sty 1999/11/30 v2.0 generic functions
\@emptytoks=\toks16
\ex@=\dimen111
))
(/usr/share/texlive/texmf-dist/tex/latex/amsmath/amsbsy.sty
Package: amsbsy 1999/11/29 v1.2d Bold Symbols
\pmbraise@=\dimen112
)
(/usr/share/texlive/texmf-dist/tex/latex/amsmath/amsopn.sty
Package: amsopn 2016/03/08 v2.02 operator names
)
\inf@bad=\count91
LaTeX Info: Redefining \frac on input line 213.
\uproot@=\count92
\leftroot@=\count93
LaTeX Info: Redefining \overline on input line 375.
\classnum@=\count94
\DOTSCASE@=\count95
LaTeX Info: Redefining \ldots on input line 472.
LaTeX Info: Redefining \dots on input line 475.
LaTeX Info: Redefining \cdots on input line 596.
\Mathstrutbox@=\box26
\strutbox@=\box27
\big@size=\dimen113
LaTeX Font Info:    Redeclaring font encoding OML on input line 712.
LaTeX Font Info:    Redeclaring font encoding OMS on input line 713.
\macc@depth=\count96
\c@MaxMatrixCols=\count97
\dotsspace@=\muskip10
\c@parentequation=\count98
\dspbrk@lvl=\count99
\tag@help=\toks17
\row@=\count100
\column@=\count101
\maxfields@=\count102
\andhelp@=\toks18
\eqnshift@=\dimen114
\alignsep@=\dimen115
\tagshift@=\dimen116
\tagwidth@=\dimen117
\totwidth@=\dimen118
\lineht@=\dimen119
\@envbody=\toks19
\multlinegap=\skip44
\multlinetaggap=\skip45
\mathdisplay@stack=\toks20
LaTeX Info: Redefining \[ on input line 2817.
LaTeX Info: Redefining \] on input line 2818.
)
(/usr/share/texlive/texmf-dist/tex/latex/amsfonts/amsfonts.sty
Package: amsfonts 2013/01/14 v3.01 Basic AMSFonts support
\symAMSa=\mathgroup4
\symAMSb=\mathgroup5
LaTeX Font Info:    Overwriting math alphabet `\mathfrak' in version `bold'
(Font)                  U/euf/m/n --> U/euf/b/n on input line 106.
)
(/usr/share/texlive/texmf-dist/tex/latex/graphics/graphicx.sty
Package: graphicx 2017/06/01 v1.1a Enhanced LaTeX Graphics (DPC,SPQR)

(/usr/share/texlive/texmf-dist/tex/latex/graphics/graphics.sty
Package: graphics 2017/06/25 v1.2c Standard LaTeX Graphics (DPC,SPQR)

(/usr/share/texlive/texmf-dist/tex/latex/graphics/trig.sty
Package: trig 2016/01/03 v1.10 sin cos tan (DPC)
)
(/usr/share/texlive/texmf-dist/tex/latex/graphics-cfg/graphics.cfg
File: graphics.cfg 2016/06/04 v1.11 sample graphics configuration
)
Package graphics Info: Driver file: pdftex.def on input line 99.

(/usr/share/texlive/texmf-dist/tex/latex/graphics-def/pdftex.def
File: pdftex.def 2018/01/08 v1.0l Graphics/color driver for pdftex
))
\Gin@req@height=\dimen120
\Gin@req@width=\dimen121
)
(/usr/share/texlive/texmf-dist/tex/latex/amsfonts/amssymb.sty
Package: amssymb 2013/01/14 v3.01 AMS font symbols
)
(/usr/share/texlive/texmf-dist/tex/latex/algorithms/algorithm.sty
Package: algorithm 2009/08/24 v0.1 Document Style `algorithm' - floating enviro
nment

(/usr/share/texlive/texmf-dist/tex/latex/float/float.sty
Package: float 2001/11/08 v1.3d Float enhancements (AL)
\c@float@type=\count103
\float@exts=\toks21
\float@box=\box28
\@float@everytoks=\toks22
\@floatcapt=\box29
)
(/usr/share/texlive/texmf-dist/tex/latex/base/ifthen.sty
Package: ifthen 2014/09/29 v1.1c Standard LaTeX ifthen package (DPC)
)
\@float@every@algorithm=\toks23
\c@algorithm=\count104
)
(/usr/share/texlive/texmf-dist/tex/latex/base/textcomp.sty
Package: textcomp 2017/04/05 v2.0i Standard LaTeX package
Package textcomp Info: Sub-encoding information:
(textcomp)               5 = only ISO-Adobe without \textcurrency
(textcomp)               4 = 5 + \texteuro
(textcomp)               3 = 4 + \textohm
(textcomp)               2 = 3 + \textestimated + \textcurrency
(textcomp)               1 = TS1 - \textcircled - \t
(textcomp)               0 = TS1 (full)
(textcomp)             Font families with sub-encoding setting implement
(textcomp)             only a restricted character set as indicated.
(textcomp)             Family '?' is the default used for unknown fonts.
(textcomp)             See the documentation for details.
Package textcomp Info: Setting ? sub-encoding to TS1/1 on input line 79.

(/usr/share/texlive/texmf-dist/tex/latex/base/ts1enc.def
File: ts1enc.def 2001/06/05 v3.0e (jk/car/fm) Standard LaTeX file
)
LaTeX Info: Redefining \oldstylenums on input line 334.
Package textcomp Info: Setting cmr sub-encoding to TS1/0 on input line 349.
Package textcomp Info: Setting cmss sub-encoding to TS1/0 on input line 350.
Package textcomp Info: Setting cmtt sub-encoding to TS1/0 on input line 351.
Package textcomp Info: Setting cmvtt sub-encoding to TS1/0 on input line 352.
Package textcomp Info: Setting cmbr sub-encoding to TS1/0 on input line 353.
Package textcomp Info: Setting cmtl sub-encoding to TS1/0 on input line 354.
Package textcomp Info: Setting ccr sub-encoding to TS1/0 on input line 355.
Package textcomp Info: Setting ptm sub-encoding to TS1/4 on input line 356.
Package textcomp Info: Setting pcr sub-encoding to TS1/4 on input line 357.
Package textcomp Info: Setting phv sub-encoding to TS1/4 on input line 358.
Package textcomp Info: Setting ppl sub-encoding to TS1/3 on input line 359.
Package textcomp Info: Setting pag sub-encoding to TS1/4 on input line 360.
Package textcomp Info: Setting pbk sub-encoding to TS1/4 on input line 361.
Package textcomp Info: Setting pnc sub-encoding to TS1/4 on input line 362.
Package textcomp Info: Setting pzc sub-encoding to TS1/4 on input line 363.
Package textcomp Info: Setting bch sub-encoding to TS1/4 on input line 364.
Package textcomp Info: Setting put sub-encoding to TS1/5 on input line 365.
Package textcomp Info: Setting uag sub-encoding to TS1/5 on input line 366.
Package textcomp Info: Setting ugq sub-encoding to TS1/5 on input line 367.
Package textcomp Info: Setting ul8 sub-encoding to TS1/4 on input line 368.
Package textcomp Info: Setting ul9 sub-encoding to TS1/4 on input line 369.
Package textcomp Info: Setting augie sub-encoding to TS1/5 on input line 370.
Package textcomp Info: Setting dayrom sub-encoding to TS1/3 on input line 371.
Package textcomp Info: Setting dayroms sub-encoding to TS1/3 on input line 372.

Package textcomp Info: Setting pxr sub-encoding to TS1/0 on input line 373.
Package textcomp Info: Setting pxss sub-encoding to TS1/0 on input line 374.
Package textcomp Info: Setting pxtt sub-encoding to TS1/0 on input line 375.
Package textcomp Info: Setting txr sub-encoding to TS1/0 on input line 376.
Package textcomp Info: Setting txss sub-encoding to TS1/0 on input line 377.
Package textcomp Info: Setting txtt sub-encoding to TS1/0 on input line 378.
Package textcomp Info: Setting lmr sub-encoding to TS1/0 on input line 379.
Package textcomp Info: Setting lmdh sub-encoding to TS1/0 on input line 380.
Package textcomp Info: Setting lmss sub-encoding to TS1/0 on input line 381.
Package textcomp Info: Setting lmssq sub-encoding to TS1/0 on input line 382.
Package textcomp Info: Setting lmvtt sub-encoding to TS1/0 on input line 383.
Package textcomp Info: Setting lmtt sub-encoding to TS1/0 on input line 384.
Package textcomp Info: Setting qhv sub-encoding to TS1/0 on input line 385.
Package textcomp Info: Setting qag sub-encoding to TS1/0 on input line 386.
Package textcomp Info: Setting qbk sub-encoding to TS1/0 on input line 387.
Package textcomp Info: Setting qcr sub-encoding to TS1/0 on input line 388.
Package textcomp Info: Setting qcs sub-encoding to TS1/0 on input line 389.
Package textcomp Info: Setting qpl sub-encoding to TS1/0 on input line 390.
Package textcomp Info: Setting qtm sub-encoding to TS1/0 on input line 391.
Package textcomp Info: Setting qzc sub-encoding to TS1/0 on input line 392.
Package textcomp Info: Setting qhvc sub-encoding to TS1/0 on input line 393.
Package textcomp Info: Setting futs sub-encoding to TS1/4 on input line 394.
Package textcomp Info: Setting futx sub-encoding to TS1/4 on input line 395.
Package textcomp Info: Setting futj sub-encoding to TS1/4 on input line 396.
Package textcomp Info: Setting hlh sub-encoding to TS1/3 on input line 397.
Package textcomp Info: Setting hls sub-encoding to TS1/3 on input line 398.
Package textcomp Info: Setting hlst sub-encoding to TS1/3 on input line 399.
Package textcomp Info: Setting hlct sub-encoding to TS1/5 on input line 400.
Package textcomp Info: Setting hlx sub-encoding to TS1/5 on input line 401.
Package textcomp Info: Setting hlce sub-encoding to TS1/5 on input line 402.
Package textcomp Info: Setting hlcn sub-encoding to TS1/5 on input line 403.
Package textcomp Info: Setting hlcw sub-encoding to TS1/5 on input line 404.
Package textcomp Info: Setting hlcf sub-encoding to TS1/5 on input line 405.
Package textcomp Info: Setting pplx sub-encoding to TS1/3 on input line 406.
Package textcomp Info: Setting pplj sub-encoding to TS1/3 on input line 407.
Package textcomp Info: Setting ptmx sub-encoding to TS1/4 on input line 408.
Package textcomp Info: Setting ptmj sub-encoding to TS1/4 on input line 409.
)
(/usr/share/texlive/texmf-dist/tex/latex/algorithmicx/algpseudocode.sty
Package: algpseudocode 

(/usr/share/texlive/texmf-dist/tex/latex/algorithmicx/algorithmicx.sty
Package: algorithmicx 2005/04/27 v1.2 Algorithmicx

Document Style algorithmicx 1.2 - a greatly improved `algorithmic' style
\c@ALG@line=\count105
\c@ALG@rem=\count106
\c@ALG@nested=\count107
\ALG@tlm=\skip46
\ALG@thistlm=\skip47
\c@ALG@Lnr=\count108
\c@ALG@blocknr=\count109
\c@ALG@storecount=\count110
\c@ALG@tmpcounter=\count111
\ALG@tmplength=\skip48
)
Document Style - pseudocode environments for use with the `algorithmicx' style
) (/usr/share/texlive/texmf-dist/tex/latex/tocbibind/tocbibind.sty
Package: tocbibind 2010/10/13 v1.5k extra ToC listings
Package tocbibind Info: The document has chapter divisions on input line 50.


Package tocbibind Note: Using chapter style headings, unless overridden.

) (/usr/share/texlive/texmf-dist/tex/latex/natbib/natbib.sty
Package: natbib 2010/09/13 8.31b (PWD, AO)
\bibhang=\skip49
\bibsep=\skip50
LaTeX Info: Redefining \cite on input line 694.
\c@NAT@ctr=\count112
)
(/usr/share/texlive/texmf-dist/tex/latex/appendix/appendix.sty
Package: appendix 2009/09/02 v1.2b extra appendix facilities
\c@@pps=\count113
\c@@ppsavesec=\count114
\c@@ppsaveapp=\count115
)
(/usr/share/texlive/texmf-dist/tex/latex/subfig/subfig.sty
Package: subfig 2005/06/28 ver: 1.3 subfig package

(/usr/share/texlive/texmf-dist/tex/latex/caption/caption.sty
Package: caption 2016/02/21 v3.3-144 Customizing captions (AR)

(/usr/share/texlive/texmf-dist/tex/latex/caption/caption3.sty
Package: caption3 2016/05/22 v1.7-166 caption3 kernel (AR)
Package caption3 Info: TeX engine: e-TeX on input line 67.
\captionmargin=\dimen122
\captionmargin@=\dimen123
\captionwidth=\dimen124
\caption@tempdima=\dimen125
\caption@indent=\dimen126
\caption@parindent=\dimen127
\caption@hangindent=\dimen128
)
\c@ContinuedFloat=\count116
Package caption Info: float package is loaded.
)
\c@KVtest=\count117
\sf@farskip=\skip51
\sf@captopadj=\dimen129
\sf@capskip=\skip52
\sf@nearskip=\skip53
\c@subfigure=\count118
\c@subfigure@save=\count119
\c@lofdepth=\count120
\c@subtable=\count121
\c@subtable@save=\count122
\c@lotdepth=\count123
\sf@top=\skip54
\sf@bottom=\skip55
)
(/usr/share/texlive/texmf-dist/tex/latex/url/url.sty
\Urlmuskip=\muskip11
Package: url 2013/09/16  ver 3.4  Verb mode for urls, etc.
)
(/usr/share/texlive/texmf-dist/tex/latex/vmargin/vmargin.sty
Package: vmargin 2004/07/15 V2.5 set document margins (VK)

Package: vmargin 2004/07/15 V2.5 set document margins (VK)
\PaperWidth=\dimen130
\PaperHeight=\dimen131
) (./thesis.aux)
\openout1 = `thesis.aux'.

LaTeX Font Info:    Checking defaults for OML/cmm/m/it on input line 31.
LaTeX Font Info:    ... okay on input line 31.
LaTeX Font Info:    Checking defaults for T1/cmr/m/n on input line 31.
LaTeX Font Info:    ... okay on input line 31.
LaTeX Font Info:    Checking defaults for OT1/cmr/m/n on input line 31.
LaTeX Font Info:    ... okay on input line 31.
LaTeX Font Info:    Checking defaults for OMS/cmsy/m/n on input line 31.
LaTeX Font Info:    ... okay on input line 31.
LaTeX Font Info:    Checking defaults for OMX/cmex/m/n on input line 31.
LaTeX Font Info:    ... okay on input line 31.
LaTeX Font Info:    Checking defaults for U/cmr/m/n on input line 31.
LaTeX Font Info:    ... okay on input line 31.
LaTeX Font Info:    Checking defaults for TS1/cmr/m/n on input line 31.
LaTeX Font Info:    Try loading font information for TS1+cmr on input line 31.
 (/usr/share/texlive/texmf-dist/tex/latex/base/ts1cmr.fd
File: ts1cmr.fd 2014/09/29 v2.5h Standard LaTeX font definitions
)
LaTeX Font Info:    ... okay on input line 31.

*geometry* driver: auto-detecting
*geometry* detected driver: pdftex
*geometry* verbose mode - [ preamble ] result:
* driver: pdftex
* paper: a4paper
* layout: <same size as paper>
* layoutoffset:(h,v)=(0.0pt,0.0pt)
* modes: 
* h-part:(L,W,R)=(72.26999pt, 452.9679pt, 72.26999pt)
* v-part:(T,H,B)=(72.26999pt, 700.50687pt, 72.26999pt)
* \paperwidth=598.14806pt
* \paperheight=845.90042pt
* \textwidth=441.01772pt
* \textheight=625.96062pt
* \oddsidemargin=85.35826pt
* \evensidemargin=71.77208pt
* \topmargin=71.13188pt
* \headheight=14.22636pt
* \headsep=28.45274pt
* \topskip=12.0pt
* \footskip=28.45274pt
* \marginparwidth=35.0pt
* \marginparsep=10.0pt
* \columnsep=10.0pt
* \skip\footins=10.8pt plus 4.0pt minus 2.0pt
* \hoffset=-72.26999pt
* \voffset=-72.26999pt
* \mag=1000
* \@twocolumnfalse
* \@twosidefalse
* \@mparswitchfalse
* \@reversemarginfalse
* (1in=72.27pt=25.4mm, 1cm=28.453pt)

(/usr/share/texlive/texmf-dist/tex/context/base/mkii/supp-pdf.mkii
[Loading MPS to PDF converter (version 2006.09.02).]
\scratchcounter=\count124
\scratchdimen=\dimen132
\scratchbox=\box30
\nofMPsegments=\count125
\nofMParguments=\count126
\everyMPshowfont=\toks24
\MPscratchCnt=\count127
\MPscratchDim=\dimen133
\MPnumerator=\count128
\makeMPintoPDFobject=\count129
\everyMPtoPDFconversion=\toks25
) (/usr/share/texlive/texmf-dist/tex/latex/oberdiek/epstopdf-base.sty
Package: epstopdf-base 2016/05/15 v2.6 Base part for package epstopdf

(/usr/share/texlive/texmf-dist/tex/generic/oberdiek/infwarerr.sty
Package: infwarerr 2016/05/16 v1.4 Providing info/warning/error messages (HO)
)
(/usr/share/texlive/texmf-dist/tex/latex/oberdiek/grfext.sty
Package: grfext 2016/05/16 v1.2 Manage graphics extensions (HO)

(/usr/share/texlive/texmf-dist/tex/generic/oberdiek/kvdefinekeys.sty
Package: kvdefinekeys 2016/05/16 v1.4 Define keys (HO)

(/usr/share/texlive/texmf-dist/tex/generic/oberdiek/ltxcmds.sty
Package: ltxcmds 2016/05/16 v1.23 LaTeX kernel commands for general use (HO)
)))
(/usr/share/texlive/texmf-dist/tex/latex/oberdiek/kvoptions.sty
Package: kvoptions 2016/05/16 v3.12 Key value format for package options (HO)

(/usr/share/texlive/texmf-dist/tex/generic/oberdiek/kvsetkeys.sty
Package: kvsetkeys 2016/05/16 v1.17 Key value parser (HO)

(/usr/share/texlive/texmf-dist/tex/generic/oberdiek/etexcmds.sty
Package: etexcmds 2016/05/16 v1.6 Avoid name clashes with e-TeX commands (HO)

(/usr/share/texlive/texmf-dist/tex/generic/oberdiek/ifluatex.sty
Package: ifluatex 2016/05/16 v1.4 Provides the ifluatex switch (HO)
Package ifluatex Info: LuaTeX not detected.
)
Package etexcmds Info: Could not find \expanded.
(etexcmds)             That can mean that you are not using pdfTeX 1.50 or
(etexcmds)             that some package has redefined \expanded.
(etexcmds)             In the latter case, load this package earlier.
)))
(/usr/share/texlive/texmf-dist/tex/generic/oberdiek/pdftexcmds.sty
Package: pdftexcmds 2018/01/21 v0.26 Utility functions of pdfTeX for LuaTeX (HO
)
Package pdftexcmds Info: LuaTeX not detected.
Package pdftexcmds Info: \pdf@primitive is available.
Package pdftexcmds Info: \pdf@ifprimitive is available.
Package pdftexcmds Info: \pdfdraftmode found.
)
Package epstopdf-base Info: Redefining graphics rule for `.eps' on input line 4
38.
Package grfext Info: Graphics extension search list:
(grfext)             [.pdf,.png,.jpg,.mps,.jpeg,.jbig2,.jb2,.PDF,.PNG,.JPG,.JPE
G,.JBIG2,.JB2,.eps]
(grfext)             \AppendGraphicsExtensions on input line 456.

(/usr/share/texlive/texmf-dist/tex/latex/latexconfig/epstopdf-sys.cfg
File: epstopdf-sys.cfg 2010/07/13 v1.3 Configuration of (r)epstopdf for TeX Liv
e
))
Package caption Info: Begin \AtBeginDocument code.
Package caption Info: subfig package v1.3 is loaded.
Package caption Info: End \AtBeginDocument code.
LaTeX Font Info:    Try loading font information for U+msa on input line 34.

(/usr/share/texlive/texmf-dist/tex/latex/amsfonts/umsa.fd
File: umsa.fd 2013/01/14 v3.01 AMS symbols A
)
LaTeX Font Info:    Try loading font information for U+msb on input line 34.

(/usr/share/texlive/texmf-dist/tex/latex/amsfonts/umsb.fd
File: umsb.fd 2013/01/14 v3.01 AMS symbols B
)

LaTeX Warning: No \author given.

[1

{/var/lib/texmf/fonts/map/pdftex/updmap/pdftex.map}] [1] (./thesis.toc
[1

] [2])
\tf@toc=\write3
\openout3 = `thesis.toc'.

 (./introduction.latex [3]
Chapter 1.
[4

] [5]
</home/padraig/programming/R/latex/chapter_2/modelling_2.pdf, id=39, 597.47943p
t x 845.01837pt>
File: /home/padraig/programming/R/latex/chapter_2/modelling_2.pdf Graphic file 
(type pdf)
<use /home/padraig/programming/R/latex/chapter_2/modelling_2.pdf>
Package pdftex.def Info: /home/padraig/programming/R/latex/chapter_2/modelling_
2.pdf  used on input line 63.
(pdftex.def)             Requested size: 369.88582pt x 523.13234pt.
 [6] [7 </home/padraig/programming/R/latex/chapter_2/modelling_2.pdf>]
[8] [9] [10]
<sin.pdf, id=63, 505.89pt x 505.89pt>
File: sin.pdf Graphic file (type pdf)
<use sin.pdf>
Package pdftex.def Info: sin.pdf  used on input line 191.
(pdftex.def)             Requested size: 369.88582pt x 369.891pt.
 [11 <./sin.pdf>]
</home/padraig/programming/R/latex/chapter_2/fda_modelling.pdf, id=74, 597.4794
3pt x 845.01837pt>
File: /home/padraig/programming/R/latex/chapter_2/fda_modelling.pdf Graphic fil
e (type pdf)
<use /home/padraig/programming/R/latex/chapter_2/fda_modelling.pdf>
Package pdftex.def Info: /home/padraig/programming/R/latex/chapter_2/fda_modell
ing.pdf  used on input line 227.
(pdftex.def)             Requested size: 369.88582pt x 523.13234pt.
 [12]
</home/padraig/programming/R/latex/chapter_2/fda_framework.pdf, id=79, 597.4794
3pt x 588.94357pt>
File: /home/padraig/programming/R/latex/chapter_2/fda_framework.pdf Graphic fil
e (type pdf)
<use /home/padraig/programming/R/latex/chapter_2/fda_framework.pdf>
Package pdftex.def Info: /home/padraig/programming/R/latex/chapter_2/fda_framew
ork.pdf  used on input line 235.
(pdftex.def)             Requested size: 369.88582pt x 364.60204pt.
 [13] [14 </home/padraig/programming/R/latex/chapter_2/fda_modelling.pdf>] [15 
</home/padraig/programming/R/latex/chapter_2/fda_framework.pdf>]
<quad_model.pdf, id=104, 505.89pt x 505.89pt>
File: quad_model.pdf Graphic file (type pdf)
<use quad_model.pdf>
Package pdftex.def Info: quad_model.pdf  used on input line 292.
(pdftex.def)             Requested size: 256.0748pt x 256.07838pt.
 [16]
LaTeX Font Info:    Font shape `OT1/cmtt/bx/n' in size <17.28> not available
(Font)              Font shape `OT1/cmtt/m/n' tried instead on input line 300.
 [17 <./quad_model.pdf>]
<mela_standard_plot.pdf, id=119, 505.89pt x 505.89pt>
File: mela_standard_plot.pdf Graphic file (type pdf)
<use mela_standard_plot.pdf>
Package pdftex.def Info: mela_standard_plot.pdf  used on input line 314.
(pdftex.def)             Requested size: 312.9847pt x 312.9803pt.
 [18

 <./mela_standard_plot.pdf>]
</home/padraig/programming/R/latex/chapter_2/tray.pdf, id=130, 505.89pt x 505.8
9pt>
File: /home/padraig/programming/R/latex/chapter_2/tray.pdf Graphic file (type p
df)
<use /home/padraig/programming/R/latex/chapter_2/tray.pdf>
Package pdftex.def Info: /home/padraig/programming/R/latex/chapter_2/tray.pdf  
used on input line 349.
(pdftex.def)             Requested size: 284.52756pt x 284.53154pt.
</home/padraig/programming/R/latex/chapter_2/valve.pdf, id=131, 505.89pt x 505.
89pt>
File: /home/padraig/programming/R/latex/chapter_2/valve.pdf Graphic file (type 
pdf)
<use /home/padraig/programming/R/latex/chapter_2/valve.pdf>
Package pdftex.def Info: /home/padraig/programming/R/latex/chapter_2/valve.pdf 
 used on input line 350.
(pdftex.def)             Requested size: 284.52756pt x 284.53154pt.
 [19

] [20 </home/padraig/programming/R/latex/chapter_2/tray.pdf> </home/padraig/pro
gramming/R/latex/chapter_2/valve.pdf>]
<piecewise.pdf, id=150, 505.89pt x 505.89pt>
File: piecewise.pdf Graphic file (type pdf)
<use piecewise.pdf>
Package pdftex.def Info: piecewise.pdf  used on input line 402.
(pdftex.def)             Requested size: 441.01772pt x 441.02388pt.
 [21] [22 <./piecewise.pdf>]
[23]
<nls_fit.pdf, id=166, 505.89pt x 505.89pt>
File: nls_fit.pdf Graphic file (type pdf)
<use nls_fit.pdf>
Package pdftex.def Info: nls_fit.pdf  used on input line 482.
(pdftex.def)             Requested size: 312.9847pt x 312.9803pt.
 [24] [25 <./nls_fit.pdf>] [26]
</home/padraig/latex/mela_finite_differences.pdf, id=183, 505.89pt x 505.89pt>
File: /home/padraig/latex/mela_finite_differences.pdf Graphic file (type pdf)
<use /home/padraig/latex/mela_finite_differences.pdf>
Package pdftex.def Info: /home/padraig/latex/mela_finite_differences.pdf  used 
on input line 564.
(pdftex.def)             Requested size: 341.43785pt x 341.43306pt.
 [27] [28 </home/padraig/latex/mela_finite_differences.pdf>]
LaTeX Font Info:    Font shape `OT1/cmtt/bx/n' in size <14.4> not available
(Font)              Font shape `OT1/cmtt/m/n' tried instead on input line 573.
<fda_plot.pdf, id=196, 505.89pt x 505.89pt>
File: fda_plot.pdf Graphic file (type pdf)
<use fda_plot.pdf>
Package pdftex.def Info: fda_plot.pdf  used on input line 598.
(pdftex.def)             Requested size: 312.9847pt x 312.9803pt.
 [29] [30 <./fda_plot.pdf>] [31]

LaTeX Warning: No positions in optional float specifier.
               Default added (so using `tbp') on input line 653.

[32]) (./parameter_cascade.latex [33]
Chapter 2.

Overfull \hbox (11.58015pt too wide) in paragraph at lines 7--7
[]\OT1/cmr/bx/n/17.28 Fitting the Re-flux Data Us-ing a Semi-Parametric
 []

[34

] [35]
</home/padraig/latex/high_frequency_perturbation.pdf, id=231, 505.89pt x 505.89
pt>
File: /home/padraig/latex/high_frequency_perturbation.pdf Graphic file (type pd
f)
<use /home/padraig/latex/high_frequency_perturbation.pdf>
Package pdftex.def Info: /home/padraig/latex/high_frequency_perturbation.pdf  u
sed on input line 70.
(pdftex.def)             Requested size: 341.43785pt x 341.43306pt.
 [36 </home/padraig/latex/high_frequency_perturbation.pdf>] [37]
<2_stage_parameter.pdf, id=243, 845.01697pt x 1194.98447pt>
File: 2_stage_parameter.pdf Graphic file (type pdf)
<use 2_stage_parameter.pdf>
Package pdftex.def Info: 2_stage_parameter.pdf  used on input line 149.
(pdftex.def)             Requested size: 369.88582pt x 523.07793pt.

[38]
<2_stage_parameter_full.pdf, id=247, 845.01837pt x 1194.98729pt>
File: 2_stage_parameter_full.pdf Graphic file (type pdf)
<use 2_stage_parameter_full.pdf>
Package pdftex.def Info: 2_stage_parameter_full.pdf  used on input line 156.
(pdftex.def)             Requested size: 369.88582pt x 523.07918pt.
 [39] [40 <./2_stage_parameter.pdf>] [41 <./2_stage_parameter_full.pdf>]
[42] [43]
<data2ld_tests.pdf, id=288, 505.89pt x 505.89pt>
File: data2ld_tests.pdf Graphic file (type pdf)
<use data2ld_tests.pdf>
Package pdftex.def Info: data2ld_tests.pdf  used on input line 269.
(pdftex.def)             Requested size: 284.53154pt x 284.52756pt.
 [44 <./data2ld_tests.pdf>]
Overfull \hbox (11.80208pt too wide) in paragraph at lines 279--279
[]\OT1/cmr/bx/n/17.28 Hierarchical fit-ting of a Par-tial Dif-fer-en-tial Equa-

 []

[45]) (./brent.latex [46]
Chapter 3.
[47

] [48] [49] [50] [51] [52] [53]
<golden_section.pdf, id=328, 318.3132pt x 341.68051pt>
File: golden_section.pdf Graphic file (type pdf)
<use golden_section.pdf>
Package pdftex.def Info: golden_section.pdf  used on input line 218.
(pdftex.def)             Requested size: 238.57402pt x 256.0748pt.
 [54]
Overfull \hbox (17.14807pt too wide) in paragraph at lines 231--231
[]\OT1/cmr/bx/n/17.28 Estimation Of Pa-ram-e-ters For a Stan-dard Cauchy
 []

[55 <./golden_section.pdf>]
<profile.pdf, id=344, 505.89pt x 505.89pt>
File: profile.pdf Graphic file (type pdf)
<use profile.pdf>
Package pdftex.def Info: profile.pdf  used on input line 265.
(pdftex.def)             Requested size: 256.07838pt x 256.0748pt.
<contour.pdf, id=345, 505.89pt x 505.89pt>
File: contour.pdf Graphic file (type pdf)
<use contour.pdf>
Package pdftex.def Info: contour.pdf  used on input line 266.
(pdftex.def)             Requested size: 256.07838pt x 256.0748pt.
 [56]
<test.pdf, id=349, 505.89pt x 505.89pt>
File: test.pdf Graphic file (type pdf)
<use test.pdf>
Package pdftex.def Info: test.pdf  used on input line 274.
(pdftex.def)             Requested size: 284.53154pt x 284.52756pt.
 [57] [58 <./profile.pdf> <./contour.pdf>]
[59 <./test.pdf>]
<cauchy_fit.pdf, id=378, 505.89pt x 505.89pt>
File: cauchy_fit.pdf Graphic file (type pdf)
<use cauchy_fit.pdf>
Package pdftex.def Info: cauchy_fit.pdf  used on input line 311.
(pdftex.def)             Requested size: 284.53154pt x 284.52756pt.
<MAE.pdf, id=379, 505.89pt x 505.89pt>
File: MAE.pdf Graphic file (type pdf)
<use MAE.pdf>
Package pdftex.def Info: MAE.pdf  used on input line 312.
(pdftex.def)             Requested size: 284.53154pt x 284.52756pt.
 [60] [61 <./cauchy_fit.pdf> <./MAE.pdf>] [62] [63]
<mela_omega_plot.pdf, id=404, 505.89pt x 505.89pt>
File: mela_omega_plot.pdf Graphic file (type pdf)
<use mela_omega_plot.pdf>
Package pdftex.def Info: mela_omega_plot.pdf  used on input line 391.
(pdftex.def)             Requested size: 256.07838pt x 256.0748pt.
<mela_lambda_plot.pdf, id=405, 505.89pt x 505.89pt>
File: mela_lambda_plot.pdf Graphic file (type pdf)
<use mela_lambda_plot.pdf>
Package pdftex.def Info: mela_lambda_plot.pdf  used on input line 392.
(pdftex.def)             Requested size: 256.07838pt x 256.0748pt.
 [64]
[65 <./mela_omega_plot.pdf> <./mela_lambda_plot.pdf>]
<mela_omega_MAD_plot.pdf, id=427, 505.89pt x 505.89pt>
File: mela_omega_MAD_plot.pdf Graphic file (type pdf)
<use mela_omega_MAD_plot.pdf>
Package pdftex.def Info: mela_omega_MAD_plot.pdf  used on input line 400.
(pdftex.def)             Requested size: 256.07838pt x 256.0748pt.
<mela_l2_mad_plot.pdf, id=428, 505.89pt x 505.89pt>
File: mela_l2_mad_plot.pdf Graphic file (type pdf)
<use mela_l2_mad_plot.pdf>
Package pdftex.def Info: mela_l2_mad_plot.pdf  used on input line 407.
(pdftex.def)             Requested size: 284.53154pt x 284.52756pt.
) (./mm.latex [66 <./mela_omega_MAD_plot.pdf> <./mela_l2_mad_plot.pdf>]
Chapter 4.
[67

] [68] [69] [70] [71]
<mela_l1_l2_plot.pdf, id=461, 505.89pt x 505.89pt>
File: mela_l1_l2_plot.pdf Graphic file (type pdf)
<use mela_l1_l2_plot.pdf>
Package pdftex.def Info: mela_l1_l2_plot.pdf  used on input line 124.
(pdftex.def)             Requested size: 284.53154pt x 284.52756pt.
</home/padraig/latex/mela_l1_convergence_plot.pdf, id=462, 505.89pt x 505.89pt>

File: /home/padraig/latex/mela_l1_convergence_plot.pdf Graphic file (type pdf)
<use /home/padraig/latex/mela_l1_convergence_plot.pdf>
Package pdftex.def Info: /home/padraig/latex/mela_l1_convergence_plot.pdf  used
 on input line 132.
(pdftex.def)             Requested size: 256.07838pt x 256.0748pt.
</home/padraig/latex/mela_l1_convergence_log_plot.pdf, id=463, 505.89pt x 505.8
9pt>
File: /home/padraig/latex/mela_l1_convergence_log_plot.pdf Graphic file (type p
df)
<use /home/padraig/latex/mela_l1_convergence_log_plot.pdf>
Package pdftex.def Info: /home/padraig/latex/mela_l1_convergence_log_plot.pdf  
used on input line 133.
(pdftex.def)             Requested size: 256.07838pt x 256.0748pt.
<mela_coef_convergence_plot.pdf, id=464, 505.89pt x 505.89pt>
File: mela_coef_convergence_plot.pdf Graphic file (type pdf)
<use mela_coef_convergence_plot.pdf>
Package pdftex.def Info: mela_coef_convergence_plot.pdf  used on input line 140
.
(pdftex.def)             Requested size: 256.07838pt x 256.0748pt.
<mela_pensae_plot.pdf, id=465, 505.89pt x 505.89pt>
File: mela_pensae_plot.pdf Graphic file (type pdf)
<use mela_pensae_plot.pdf>
Package pdftex.def Info: mela_pensae_plot.pdf  used on input line 147.
(pdftex.def)             Requested size: 256.07838pt x 256.0748pt.
 [72] [73 <./mela_l1_l2_plot.pdf>] [74 </home/padraig/latex/mela_l1_convergence
_plot.pdf> </home/padraig/latex/mela_l1_convergence_log_plot.pdf>] [75 <./mela_
coef_convergence_plot.pdf> <./mela_pensae_plot.pdf>]
Overfull \hbox (14.67691pt too wide) in paragraph at lines 156--156
[]\OT1/cmr/bx/n/17.28 The Two-Stage Pa-ram-e-ter Cas-cade with $\OML/cmm/m/it/1
7.28 L[]$ \OT1/cmr/bx/n/17.28 Norm 
 []

</home/padraig/latex/mela_omega_mae_profile.pdf, id=509, 505.89pt x 505.89pt>
File: /home/padraig/latex/mela_omega_mae_profile.pdf Graphic file (type pdf)
<use /home/padraig/latex/mela_omega_mae_profile.pdf>
Package pdftex.def Info: /home/padraig/latex/mela_omega_mae_profile.pdf  used o
n input line 174.
(pdftex.def)             Requested size: 256.07838pt x 256.0748pt.
</home/padraig/latex/mela_omega_mae_fit.pdf, id=510, 505.89pt x 505.89pt>
File: /home/padraig/latex/mela_omega_mae_fit.pdf Graphic file (type pdf)
<use /home/padraig/latex/mela_omega_mae_fit.pdf>
Package pdftex.def Info: /home/padraig/latex/mela_omega_mae_fit.pdf  used on in
put line 175.
(pdftex.def)             Requested size: 256.07838pt x 256.0748pt.
</home/padraig/latex/mela_l1_l2_cascade_plot.pdf, id=511, 505.89pt x 505.89pt>
File: /home/padraig/latex/mela_l1_l2_cascade_plot.pdf Graphic file (type pdf)
<use /home/padraig/latex/mela_l1_l2_cascade_plot.pdf>
Package pdftex.def Info: /home/padraig/latex/mela_l1_l2_cascade_plot.pdf  used 
on input line 182.
(pdftex.def)             Requested size: 256.07838pt x 256.0748pt.
[76

] [77 </home/padraig/latex/mela_omega_mae_profile.pdf> </home/padraig/latex/mel
a_omega_mae_fit.pdf>]
<mela_l1_l2_combinations.pdf, id=532, 505.89pt x 505.89pt>
File: mela_l1_l2_combinations.pdf Graphic file (type pdf)
<use mela_l1_l2_combinations.pdf>
Package pdftex.def Info: mela_l1_l2_combinations.pdf  used on input line 191.
(pdftex.def)             Requested size: 256.07838pt x 256.0748pt.
<mela_l1_l2_combinations_perturbed.pdf, id=533, 505.89pt x 505.89pt>
File: mela_l1_l2_combinations_perturbed.pdf Graphic file (type pdf)
<use mela_l1_l2_combinations_perturbed.pdf>
Package pdftex.def Info: mela_l1_l2_combinations_perturbed.pdf  used on input l
ine 192.
(pdftex.def)             Requested size: 256.07838pt x 256.0748pt.
 [78 </home/padraig/latex/mela_l1_l2_cascade_plot.pdf>] [79 <./mela_l1_l2_combi
nations.pdf> <./mela_l1_l2_combinations_perturbed.pdf>] [80

]
Overfull \hbox (11.42845pt too wide) in paragraph at lines 218--218
[]\OT1/cmr/bx/n/14.4 Illustrative Ex-am-ple: Us-ing Im-pu-ta-tion to Fit an ANO
VA
 []


Overfull \hbox (18.33145pt too wide) in paragraph at lines 222--223
\OT1/cmr/m/n/12 statis-tic was com-puted. This de-fines an as-so-ci-ated se-que
nce $\OMS/cmsy/m/n/12 f\OML/cmm/m/it/12 SSE[]; SSE[]; [] ; SSE[]; [] \OMS/cmsy/
m/n/12 g\OML/cmm/m/it/12 :$
 []

[81] [82]
<anova_accel.pdf, id=568, 505.89pt x 505.89pt>
File: anova_accel.pdf Graphic file (type pdf)
<use anova_accel.pdf>
Package pdftex.def Info: anova_accel.pdf  used on input line 277.
(pdftex.def)             Requested size: 256.07838pt x 256.0748pt.
<anova_double_accel.pdf, id=569, 505.89pt x 505.89pt>
File: anova_double_accel.pdf Graphic file (type pdf)
<use anova_double_accel.pdf>
Package pdftex.def Info: anova_double_accel.pdf  used on input line 285.
(pdftex.def)             Requested size: 256.07838pt x 256.0748pt.
 [83 <./anova_accel.pdf>]

LaTeX Warning: No positions in optional float specifier.
               Default added (so using `tbp') on input line 290.

[84 <./anova_double_accel.pdf>] [85]
<l1_accleration_plot.pdf, id=592, 505.89pt x 505.89pt>
File: l1_accleration_plot.pdf Graphic file (type pdf)
<use l1_accleration_plot.pdf>
Package pdftex.def Info: l1_accleration_plot.pdf  used on input line 337.
(pdftex.def)             Requested size: 256.07838pt x 256.0748pt.
<multi_accleration_plot.pdf, id=593, 505.89pt x 505.89pt>
File: multi_accleration_plot.pdf Graphic file (type pdf)
<use multi_accleration_plot.pdf>
Package pdftex.def Info: multi_accleration_plot.pdf  used on input line 344.
(pdftex.def)             Requested size: 256.07838pt x 256.0748pt.
) (./nonlinear_regress.latex [86

 <./l1_accleration_plot.pdf>] [87 <./multi_accleration_plot.pdf>]
Chapter 5.
[88

] [89]
</home/padraig/latex/exp_param_cascade_profile.pdf, id=619, 505.89pt x 505.89pt
>
File: /home/padraig/latex/exp_param_cascade_profile.pdf Graphic file (type pdf)

<use /home/padraig/latex/exp_param_cascade_profile.pdf>
Package pdftex.def Info: /home/padraig/latex/exp_param_cascade_profile.pdf  use
d on input line 54.
(pdftex.def)             Requested size: 256.07838pt x 256.0748pt.
</home/padraig/latex/exp_param_cascade_fit.pdf, id=620, 505.89pt x 505.89pt>
File: /home/padraig/latex/exp_param_cascade_fit.pdf Graphic file (type pdf)
<use /home/padraig/latex/exp_param_cascade_fit.pdf>
Package pdftex.def Info: /home/padraig/latex/exp_param_cascade_fit.pdf  used on
 input line 55.
(pdftex.def)             Requested size: 256.07838pt x 256.0748pt.
 [90] [91 </home/padraig/latex/exp_param_cascade_profile.pdf> </home/padraig/la
tex/exp_param_cascade_fit.pdf>]
</home/padraig/latex/ode_param_cascade_fit.pdf, id=641, 505.89pt x 505.89pt>
File: /home/padraig/latex/ode_param_cascade_fit.pdf Graphic file (type pdf)
<use /home/padraig/latex/ode_param_cascade_fit.pdf>
Package pdftex.def Info: /home/padraig/latex/ode_param_cascade_fit.pdf  used on
 input line 112.
(pdftex.def)             Requested size: 256.07838pt x 256.0748pt.
</home/padraig/latex/ode_param_cascade_contour.pdf, id=642, 505.89pt x 505.89pt
>
File: /home/padraig/latex/ode_param_cascade_contour.pdf Graphic file (type pdf)

<use /home/padraig/latex/ode_param_cascade_contour.pdf>
Package pdftex.def Info: /home/padraig/latex/ode_param_cascade_contour.pdf  use
d on input line 113.
(pdftex.def)             Requested size: 256.07838pt x 256.0748pt.
 [92] [93 </home/padraig/latex/ode_param_cascade_fit.pdf> </home/padraig/latex/
ode_param_cascade_contour.pdf>]
</home/padraig/latex/nonlinear_regression/transport_equation_profile.pdf, id=66
2, 505.89pt x 505.89pt>
File: /home/padraig/latex/nonlinear_regression/transport_equation_profile.pdf G
raphic file (type pdf)
<use /home/padraig/latex/nonlinear_regression/transport_equation_profile.pdf>
Package pdftex.def Info: /home/padraig/latex/nonlinear_regression/transport_equ
ation_profile.pdf  used on input line 157.
(pdftex.def)             Requested size: 256.07838pt x 256.0748pt.
</home/padraig/latex/nonlinear_regression/transport_200_samples.pdf, id=663, 50
5.89pt x 505.89pt>
File: /home/padraig/latex/nonlinear_regression/transport_200_samples.pdf Graphi
c file (type pdf)
<use /home/padraig/latex/nonlinear_regression/transport_200_samples.pdf>
Package pdftex.def Info: /home/padraig/latex/nonlinear_regression/transport_200
_samples.pdf  used on input line 165.
(pdftex.def)             Requested size: 256.07838pt x 256.0748pt.
</home/padraig/latex/nonlinear_regression/transport_2000_samples.pdf, id=664, 5
05.89pt x 505.89pt>
File: /home/padraig/latex/nonlinear_regression/transport_2000_samples.pdf Graph
ic file (type pdf)
<use /home/padraig/latex/nonlinear_regression/transport_2000_samples.pdf>
Package pdftex.def Info: /home/padraig/latex/nonlinear_regression/transport_200
0_samples.pdf  used on input line 169.
(pdftex.def)             Requested size: 256.07838pt x 256.0748pt.


LaTeX Warning: Float too large for page by 11.68896pt on input line 173.

[94

] [95 </home/padraig/latex/nonlinear_regression/transport_equation_profile.pdf>
] [96 </home/padraig/latex/nonlinear_regression/transport_200_samples.pdf> </ho
me/padraig/latex/nonlinear_regression/transport_2000_samples.pdf>]
</home/padraig/latex/nonlinear_regression/transport_mod_profile.pdf, id=692, 50
5.89pt x 505.89pt>
File: /home/padraig/latex/nonlinear_regression/transport_mod_profile.pdf Graphi
c file (type pdf)
<use /home/padraig/latex/nonlinear_regression/transport_mod_profile.pdf>
Package pdftex.def Info: /home/padraig/latex/nonlinear_regression/transport_mod
_profile.pdf  used on input line 191.
(pdftex.def)             Requested size: 256.07838pt x 256.0748pt.
</home/padraig/latex/nonlinear_regression/mod_transport_plot.pdf, id=693, 505.8
9pt x 505.89pt>
File: /home/padraig/latex/nonlinear_regression/mod_transport_plot.pdf Graphic f
ile (type pdf)
<use /home/padraig/latex/nonlinear_regression/mod_transport_plot.pdf>
Package pdftex.def Info: /home/padraig/latex/nonlinear_regression/mod_transport
_plot.pdf  used on input line 197.
(pdftex.def)             Requested size: 256.07838pt x 256.0748pt.
)
(./conclusion.latex [97

 </home/padraig/latex/nonlinear_regression/transport_mod_profile.pdf>] [98 </ho
me/padraig/latex/nonlinear_regression/mod_transport_plot.pdf>]
Chapter 6.
[99

] [100]) [101] [102


] (./opt_intro.latex
Appendix A.

Overfull \hbox (1.8874pt too wide) in paragraph at lines 3--4
\OT1/cmr/m/n/12 This ap-pendix pro-vides an overview of the ideas in nu-mer-i-c
al op-ti-mi-sa-tion used through-
 []


Overfull \hbox (41.32806pt too wide) in paragraph at lines 5--5
[]\OT1/cmr/bx/n/17.28 Gradient De-scent and the Newton-Raphson method 
 []

[103

] [104]
<gradient_sublinear_extended.pdf, id=732, 505.89pt x 505.89pt>
File: gradient_sublinear_extended.pdf Graphic file (type pdf)
<use gradient_sublinear_extended.pdf>
Package pdftex.def Info: gradient_sublinear_extended.pdf  used on input line 48
.
(pdftex.def)             Requested size: 426.7973pt x 426.79134pt.
 [105 <./gradient_sublinear_extended.pdf>]
<newton_gradient.pdf, id=742, 505.89pt x 505.89pt>
File: newton_gradient.pdf Graphic file (type pdf)
<use newton_gradient.pdf>
Package pdftex.def Info: newton_gradient.pdf  used on input line 56.
(pdftex.def)             Requested size: 426.7973pt x 426.79134pt.
 [106 <./newton_gradient.pdf>] [107


] [108] [109]
<finite_difference_converge_plot.pdf, id=763, 505.89pt x 505.89pt>
File: finite_difference_converge_plot.pdf Graphic file (type pdf)
<use finite_difference_converge_plot.pdf>
Package pdftex.def Info: finite_difference_converge_plot.pdf  used on input lin
e 200.
(pdftex.def)             Requested size: 256.07838pt x 256.0748pt.
 [110] [111 <./finite_difference_converge_plot.pdf>]
[112]
</home/padraig/programming/R/latex/local_min/quadratic_fail.pdf, id=780, 505.89
pt x 505.89pt>
File: /home/padraig/programming/R/latex/local_min/quadratic_fail.pdf Graphic fi
le (type pdf)
<use /home/padraig/programming/R/latex/local_min/quadratic_fail.pdf>
Package pdftex.def Info: /home/padraig/programming/R/latex/local_min/quadratic_
fail.pdf  used on input line 287.
(pdftex.def)             Requested size: 256.0748pt x 256.07838pt.
 [113] [114 </home/padraig/programming/R/latex/local_min/quadratic_fail.pdf>]
Appendix B.
[115


] [116] [117] [118]
<implicit_filtering_0_7.pdf, id=808, 505.89pt x 505.89pt>
File: implicit_filtering_0_7.pdf Graphic file (type pdf)
<use implicit_filtering_0_7.pdf>
Package pdftex.def Info: implicit_filtering_0_7.pdf  used on input line 408.
(pdftex.def)             Requested size: 256.07838pt x 256.0748pt.
<implicit_filtering_0_9.pdf, id=809, 505.89pt x 505.89pt>
File: implicit_filtering_0_9.pdf Graphic file (type pdf)
<use implicit_filtering_0_9.pdf>
Package pdftex.def Info: implicit_filtering_0_9.pdf  used on input line 412.
(pdftex.def)             Requested size: 256.07838pt x 256.0748pt.
<implicit_filtering_no_penalty.pdf, id=810, 505.89pt x 505.89pt>
File: implicit_filtering_no_penalty.pdf Graphic file (type pdf)
<use implicit_filtering_no_penalty.pdf>
Package pdftex.def Info: implicit_filtering_no_penalty.pdf  used on input line 
420.
(pdftex.def)             Requested size: 256.07838pt x 256.0748pt.
) (./thesis.bbl [119 <./implicit_filtering_0_7.pdf> <./implicit_filtering_0_9.p
df>] [120 <./implicit_filtering_no_penalty.pdf>]
[121


] [122] [123]) [124] (./thesis.aux) ) 
Here is how much of TeX's memory you used:
 6423 strings out of 494847
 102747 string characters out of 6179079
 153181 words of memory out of 5000000
 9550 multiletter control sequences out of 15000+600000
 23774 words of font info for 91 fonts, out of 8000000 for 9000
 59 hyphenation exceptions out of 8191
 44i,15n,49p,1705b,447s stack positions out of 5000i,500n,10000p,200000b,80000s
 </home/padraig/.texlive2017/texmf-var/fon
ts/pk/ljfour/jknappen/ec/tcbx1200.600pk> </home/padraig/.texlive2017/texmf-var/
fonts/pk/ljfour/jknappen/ec/tcrm1200.600pk></usr/share/texlive/texmf-dist/fonts
/type1/public/amsfonts/cm/cmbx10.pfb></usr/share/texlive/texmf-dist/fonts/type1
/public/amsfonts/cm/cmbx12.pfb></usr/share/texlive/texmf-dist/fonts/type1/publi
c/amsfonts/cm/cmbx8.pfb></usr/share/texlive/texmf-dist/fonts/type1/public/amsfo
nts/cm/cmcsc10.pfb></usr/share/texlive/texmf-dist/fonts/type1/public/amsfonts/c
m/cmex10.pfb></usr/share/texlive/texmf-dist/fonts/type1/public/amsfonts/cm/cmmi
10.pfb></usr/share/texlive/texmf-dist/fonts/type1/public/amsfonts/cm/cmmi12.pfb
></usr/share/texlive/texmf-dist/fonts/type1/public/amsfonts/cm/cmmi6.pfb></usr/
share/texlive/texmf-dist/fonts/type1/public/amsfonts/cm/cmmi7.pfb></usr/share/t
exlive/texmf-dist/fonts/type1/public/amsfonts/cm/cmmi8.pfb></usr/share/texlive/
texmf-dist/fonts/type1/public/amsfonts/cm/cmmib10.pfb></usr/share/texlive/texmf
-dist/fonts/type1/public/amsfonts/cm/cmr10.pfb></usr/share/texlive/texmf-dist/f
onts/type1/public/amsfonts/cm/cmr12.pfb></usr/share/texlive/texmf-dist/fonts/ty
pe1/public/amsfonts/cm/cmr17.pfb></usr/share/texlive/texmf-dist/fonts/type1/pub
lic/amsfonts/cm/cmr5.pfb></usr/share/texlive/texmf-dist/fonts/type1/public/amsf
onts/cm/cmr6.pfb></usr/share/texlive/texmf-dist/fonts/type1/public/amsfonts/cm/
cmr7.pfb></usr/share/texlive/texmf-dist/fonts/type1/public/amsfonts/cm/cmr8.pfb
></usr/share/texlive/texmf-dist/fonts/type1/public/amsfonts/cm/cmsy10.pfb></usr
/share/texlive/texmf-dist/fonts/type1/public/amsfonts/cm/cmsy6.pfb></usr/share/
texlive/texmf-dist/fonts/type1/public/amsfonts/cm/cmsy7.pfb></usr/share/texlive
/texmf-dist/fonts/type1/public/amsfonts/cm/cmsy8.pfb></usr/share/texlive/texmf-
dist/fonts/type1/public/amsfonts/cm/cmti10.pfb></usr/share/texlive/texmf-dist/f
onts/type1/public/amsfonts/cm/cmti12.pfb></usr/share/texlive/texmf-dist/fonts/t
ype1/public/amsfonts/cm/cmtt10.pfb></usr/share/texlive/texmf-dist/fonts/type1/p
ublic/amsfonts/cm/cmtt12.pfb></usr/share/texlive/texmf-dist/fonts/type1/public/
amsfonts/symbols/msam10.pfb></usr/share/texlive/texmf-dist/fonts/type1/public/a
msfonts/symbols/msbm10.pfb>
Output written on thesis.pdf (126 pages, 1372670 bytes).
PDF statistics:
 948 PDF objects out of 1000 (max. 8388607)
 661 compressed objects within 7 object streams
 0 named destinations out of 1000 (max. 500000)
 281 words of extra memory for PDF output out of 10000 (max. 10000000)

