This is pdfTeX, Version 3.14159265-2.6-1.40.18 (TeX Live 2017/Debian) (preloaded format=pdflatex 2019.10.17)  7 NOV 2019 10:32
entering extended mode
 restricted \write18 enabled.
 %&-line parsing enabled.
**thesis_intro.latex
(./thesis_intro.latex
LaTeX2e <2017-04-15>
Babel <3.18> and hyphenation patterns for 7 language(s) loaded.
(/usr/share/texlive/texmf-dist/tex/latex/base/report.cls
Document Class: report 2014/09/29 v1.4h Standard LaTeX document class
(/usr/share/texlive/texmf-dist/tex/latex/base/size12.clo
File: size12.clo 2014/09/29 v1.4h Standard LaTeX file (size option)
)
\c@part=\count79
\c@chapter=\count80
\c@section=\count81
\c@subsection=\count82
\c@subsubsection=\count83
\c@paragraph=\count84
\c@subparagraph=\count85
\c@figure=\count86
\c@table=\count87
\abovecaptionskip=\skip41
\belowcaptionskip=\skip42
\bibindent=\dimen102
)
(/usr/share/texlive/texmf-dist/tex/latex/geometry/geometry.sty
Package: geometry 2010/09/12 v5.6 Page Geometry

(/usr/share/texlive/texmf-dist/tex/latex/graphics/keyval.sty
Package: keyval 2014/10/28 v1.15 key=value parser (DPC)
\KV@toks@=\toks14
)
(/usr/share/texlive/texmf-dist/tex/generic/oberdiek/ifpdf.sty
Package: ifpdf 2017/03/15 v3.2 Provides the ifpdf switch
)
(/usr/share/texlive/texmf-dist/tex/generic/oberdiek/ifvtex.sty
Package: ifvtex 2016/05/16 v1.6 Detect VTeX and its facilities (HO)
Package ifvtex Info: VTeX not detected.
)
(/usr/share/texlive/texmf-dist/tex/generic/ifxetex/ifxetex.sty
Package: ifxetex 2010/09/12 v0.6 Provides ifxetex conditional
)
\Gm@cnth=\count88
\Gm@cntv=\count89
\c@Gm@tempcnt=\count90
\Gm@bindingoffset=\dimen103
\Gm@wd@mp=\dimen104
\Gm@odd@mp=\dimen105
\Gm@even@mp=\dimen106
\Gm@layoutwidth=\dimen107
\Gm@layoutheight=\dimen108
\Gm@layouthoffset=\dimen109
\Gm@layoutvoffset=\dimen110
\Gm@dimlist=\toks15
)
(/usr/share/texlive/texmf-dist/tex/latex/amsmath/amsmath.sty
Package: amsmath 2017/09/02 v2.17a AMS math features
\@mathmargin=\skip43

For additional information on amsmath, use the `?' option.
(/usr/share/texlive/texmf-dist/tex/latex/amsmath/amstext.sty
Package: amstext 2000/06/29 v2.01 AMS text

(/usr/share/texlive/texmf-dist/tex/latex/amsmath/amsgen.sty
File: amsgen.sty 1999/11/30 v2.0 generic functions
\@emptytoks=\toks16
\ex@=\dimen111
))
(/usr/share/texlive/texmf-dist/tex/latex/amsmath/amsbsy.sty
Package: amsbsy 1999/11/29 v1.2d Bold Symbols
\pmbraise@=\dimen112
)
(/usr/share/texlive/texmf-dist/tex/latex/amsmath/amsopn.sty
Package: amsopn 2016/03/08 v2.02 operator names
)
\inf@bad=\count91
LaTeX Info: Redefining \frac on input line 213.
\uproot@=\count92
\leftroot@=\count93
LaTeX Info: Redefining \overline on input line 375.
\classnum@=\count94
\DOTSCASE@=\count95
LaTeX Info: Redefining \ldots on input line 472.
LaTeX Info: Redefining \dots on input line 475.
LaTeX Info: Redefining \cdots on input line 596.
\Mathstrutbox@=\box26
\strutbox@=\box27
\big@size=\dimen113
LaTeX Font Info:    Redeclaring font encoding OML on input line 712.
LaTeX Font Info:    Redeclaring font encoding OMS on input line 713.
\macc@depth=\count96
\c@MaxMatrixCols=\count97
\dotsspace@=\muskip10
\c@parentequation=\count98
\dspbrk@lvl=\count99
\tag@help=\toks17
\row@=\count100
\column@=\count101
\maxfields@=\count102
\andhelp@=\toks18
\eqnshift@=\dimen114
\alignsep@=\dimen115
\tagshift@=\dimen116
\tagwidth@=\dimen117
\totwidth@=\dimen118
\lineht@=\dimen119
\@envbody=\toks19
\multlinegap=\skip44
\multlinetaggap=\skip45
\mathdisplay@stack=\toks20
LaTeX Info: Redefining \[ on input line 2817.
LaTeX Info: Redefining \] on input line 2818.
)
(/usr/share/texlive/texmf-dist/tex/latex/amsfonts/amsfonts.sty
Package: amsfonts 2013/01/14 v3.01 Basic AMSFonts support
\symAMSa=\mathgroup4
\symAMSb=\mathgroup5
LaTeX Font Info:    Overwriting math alphabet `\mathfrak' in version `bold'
(Font)                  U/euf/m/n --> U/euf/b/n on input line 106.
)
(/usr/share/texlive/texmf-dist/tex/latex/graphics/graphicx.sty
Package: graphicx 2017/06/01 v1.1a Enhanced LaTeX Graphics (DPC,SPQR)

(/usr/share/texlive/texmf-dist/tex/latex/graphics/graphics.sty
Package: graphics 2017/06/25 v1.2c Standard LaTeX Graphics (DPC,SPQR)

(/usr/share/texlive/texmf-dist/tex/latex/graphics/trig.sty
Package: trig 2016/01/03 v1.10 sin cos tan (DPC)
)
(/usr/share/texlive/texmf-dist/tex/latex/graphics-cfg/graphics.cfg
File: graphics.cfg 2016/06/04 v1.11 sample graphics configuration
)
Package graphics Info: Driver file: pdftex.def on input line 99.

(/usr/share/texlive/texmf-dist/tex/latex/graphics-def/pdftex.def
File: pdftex.def 2018/01/08 v1.0l Graphics/color driver for pdftex
))
\Gin@req@height=\dimen120
\Gin@req@width=\dimen121
)
(/usr/share/texlive/texmf-dist/tex/latex/amsfonts/amssymb.sty
Package: amssymb 2013/01/14 v3.01 AMS font symbols
)
(/usr/share/texlive/texmf-dist/tex/latex/algorithms/algorithm.sty
Package: algorithm 2009/08/24 v0.1 Document Style `algorithm' - floating enviro
nment

(/usr/share/texlive/texmf-dist/tex/latex/float/float.sty
Package: float 2001/11/08 v1.3d Float enhancements (AL)
\c@float@type=\count103
\float@exts=\toks21
\float@box=\box28
\@float@everytoks=\toks22
\@floatcapt=\box29
)
(/usr/share/texlive/texmf-dist/tex/latex/base/ifthen.sty
Package: ifthen 2014/09/29 v1.1c Standard LaTeX ifthen package (DPC)
)
\@float@every@algorithm=\toks23
\c@algorithm=\count104
)
(/usr/share/texlive/texmf-dist/tex/latex/base/textcomp.sty
Package: textcomp 2017/04/05 v2.0i Standard LaTeX package
Package textcomp Info: Sub-encoding information:
(textcomp)               5 = only ISO-Adobe without \textcurrency
(textcomp)               4 = 5 + \texteuro
(textcomp)               3 = 4 + \textohm
(textcomp)               2 = 3 + \textestimated + \textcurrency
(textcomp)               1 = TS1 - \textcircled - \t
(textcomp)               0 = TS1 (full)
(textcomp)             Font families with sub-encoding setting implement
(textcomp)             only a restricted character set as indicated.
(textcomp)             Family '?' is the default used for unknown fonts.
(textcomp)             See the documentation for details.
Package textcomp Info: Setting ? sub-encoding to TS1/1 on input line 79.

(/usr/share/texlive/texmf-dist/tex/latex/base/ts1enc.def
File: ts1enc.def 2001/06/05 v3.0e (jk/car/fm) Standard LaTeX file
)
LaTeX Info: Redefining \oldstylenums on input line 334.
Package textcomp Info: Setting cmr sub-encoding to TS1/0 on input line 349.
Package textcomp Info: Setting cmss sub-encoding to TS1/0 on input line 350.
Package textcomp Info: Setting cmtt sub-encoding to TS1/0 on input line 351.
Package textcomp Info: Setting cmvtt sub-encoding to TS1/0 on input line 352.
Package textcomp Info: Setting cmbr sub-encoding to TS1/0 on input line 353.
Package textcomp Info: Setting cmtl sub-encoding to TS1/0 on input line 354.
Package textcomp Info: Setting ccr sub-encoding to TS1/0 on input line 355.
Package textcomp Info: Setting ptm sub-encoding to TS1/4 on input line 356.
Package textcomp Info: Setting pcr sub-encoding to TS1/4 on input line 357.
Package textcomp Info: Setting phv sub-encoding to TS1/4 on input line 358.
Package textcomp Info: Setting ppl sub-encoding to TS1/3 on input line 359.
Package textcomp Info: Setting pag sub-encoding to TS1/4 on input line 360.
Package textcomp Info: Setting pbk sub-encoding to TS1/4 on input line 361.
Package textcomp Info: Setting pnc sub-encoding to TS1/4 on input line 362.
Package textcomp Info: Setting pzc sub-encoding to TS1/4 on input line 363.
Package textcomp Info: Setting bch sub-encoding to TS1/4 on input line 364.
Package textcomp Info: Setting put sub-encoding to TS1/5 on input line 365.
Package textcomp Info: Setting uag sub-encoding to TS1/5 on input line 366.
Package textcomp Info: Setting ugq sub-encoding to TS1/5 on input line 367.
Package textcomp Info: Setting ul8 sub-encoding to TS1/4 on input line 368.
Package textcomp Info: Setting ul9 sub-encoding to TS1/4 on input line 369.
Package textcomp Info: Setting augie sub-encoding to TS1/5 on input line 370.
Package textcomp Info: Setting dayrom sub-encoding to TS1/3 on input line 371.
Package textcomp Info: Setting dayroms sub-encoding to TS1/3 on input line 372.

Package textcomp Info: Setting pxr sub-encoding to TS1/0 on input line 373.
Package textcomp Info: Setting pxss sub-encoding to TS1/0 on input line 374.
Package textcomp Info: Setting pxtt sub-encoding to TS1/0 on input line 375.
Package textcomp Info: Setting txr sub-encoding to TS1/0 on input line 376.
Package textcomp Info: Setting txss sub-encoding to TS1/0 on input line 377.
Package textcomp Info: Setting txtt sub-encoding to TS1/0 on input line 378.
Package textcomp Info: Setting lmr sub-encoding to TS1/0 on input line 379.
Package textcomp Info: Setting lmdh sub-encoding to TS1/0 on input line 380.
Package textcomp Info: Setting lmss sub-encoding to TS1/0 on input line 381.
Package textcomp Info: Setting lmssq sub-encoding to TS1/0 on input line 382.
Package textcomp Info: Setting lmvtt sub-encoding to TS1/0 on input line 383.
Package textcomp Info: Setting lmtt sub-encoding to TS1/0 on input line 384.
Package textcomp Info: Setting qhv sub-encoding to TS1/0 on input line 385.
Package textcomp Info: Setting qag sub-encoding to TS1/0 on input line 386.
Package textcomp Info: Setting qbk sub-encoding to TS1/0 on input line 387.
Package textcomp Info: Setting qcr sub-encoding to TS1/0 on input line 388.
Package textcomp Info: Setting qcs sub-encoding to TS1/0 on input line 389.
Package textcomp Info: Setting qpl sub-encoding to TS1/0 on input line 390.
Package textcomp Info: Setting qtm sub-encoding to TS1/0 on input line 391.
Package textcomp Info: Setting qzc sub-encoding to TS1/0 on input line 392.
Package textcomp Info: Setting qhvc sub-encoding to TS1/0 on input line 393.
Package textcomp Info: Setting futs sub-encoding to TS1/4 on input line 394.
Package textcomp Info: Setting futx sub-encoding to TS1/4 on input line 395.
Package textcomp Info: Setting futj sub-encoding to TS1/4 on input line 396.
Package textcomp Info: Setting hlh sub-encoding to TS1/3 on input line 397.
Package textcomp Info: Setting hls sub-encoding to TS1/3 on input line 398.
Package textcomp Info: Setting hlst sub-encoding to TS1/3 on input line 399.
Package textcomp Info: Setting hlct sub-encoding to TS1/5 on input line 400.
Package textcomp Info: Setting hlx sub-encoding to TS1/5 on input line 401.
Package textcomp Info: Setting hlce sub-encoding to TS1/5 on input line 402.
Package textcomp Info: Setting hlcn sub-encoding to TS1/5 on input line 403.
Package textcomp Info: Setting hlcw sub-encoding to TS1/5 on input line 404.
Package textcomp Info: Setting hlcf sub-encoding to TS1/5 on input line 405.
Package textcomp Info: Setting pplx sub-encoding to TS1/3 on input line 406.
Package textcomp Info: Setting pplj sub-encoding to TS1/3 on input line 407.
Package textcomp Info: Setting ptmx sub-encoding to TS1/4 on input line 408.
Package textcomp Info: Setting ptmj sub-encoding to TS1/4 on input line 409.
)
(/usr/share/texlive/texmf-dist/tex/latex/algorithmicx/algpseudocode.sty
Package: algpseudocode 

(/usr/share/texlive/texmf-dist/tex/latex/algorithmicx/algorithmicx.sty
Package: algorithmicx 2005/04/27 v1.2 Algorithmicx

Document Style algorithmicx 1.2 - a greatly improved `algorithmic' style
\c@ALG@line=\count105
\c@ALG@rem=\count106
\c@ALG@nested=\count107
\ALG@tlm=\skip46
\ALG@thistlm=\skip47
\c@ALG@Lnr=\count108
\c@ALG@blocknr=\count109
\c@ALG@storecount=\count110
\c@ALG@tmpcounter=\count111
\ALG@tmplength=\skip48
)
Document Style - pseudocode environments for use with the `algorithmicx' style
) (/usr/share/texlive/texmf-dist/tex/latex/tocbibind/tocbibind.sty
Package: tocbibind 2010/10/13 v1.5k extra ToC listings
Package tocbibind Info: The document has chapter divisions on input line 50.


Package tocbibind Note: Using chapter style headings, unless overridden.

) (/usr/share/texlive/texmf-dist/tex/latex/natbib/natbib.sty
Package: natbib 2010/09/13 8.31b (PWD, AO)
\bibhang=\skip49
\bibsep=\skip50
LaTeX Info: Redefining \cite on input line 694.
\c@NAT@ctr=\count112
)
(/usr/share/texlive/texmf-dist/tex/latex/appendix/appendix.sty
Package: appendix 2009/09/02 v1.2b extra appendix facilities
\c@@pps=\count113
\c@@ppsavesec=\count114
\c@@ppsaveapp=\count115
)
(/usr/share/texlive/texmf-dist/tex/latex/subfig/subfig.sty
Package: subfig 2005/06/28 ver: 1.3 subfig package

(/usr/share/texlive/texmf-dist/tex/latex/caption/caption.sty
Package: caption 2016/02/21 v3.3-144 Customizing captions (AR)

(/usr/share/texlive/texmf-dist/tex/latex/caption/caption3.sty
Package: caption3 2016/05/22 v1.7-166 caption3 kernel (AR)
Package caption3 Info: TeX engine: e-TeX on input line 67.
\captionmargin=\dimen122
\captionmargin@=\dimen123
\captionwidth=\dimen124
\caption@tempdima=\dimen125
\caption@indent=\dimen126
\caption@parindent=\dimen127
\caption@hangindent=\dimen128
)
\c@ContinuedFloat=\count116
Package caption Info: float package is loaded.
)
\c@KVtest=\count117
\sf@farskip=\skip51
\sf@captopadj=\dimen129
\sf@capskip=\skip52
\sf@nearskip=\skip53
\c@subfigure=\count118
\c@subfigure@save=\count119
\c@lofdepth=\count120
\c@subtable=\count121
\c@subtable@save=\count122
\c@lotdepth=\count123
\sf@top=\skip54
\sf@bottom=\skip55
)
(/usr/share/texlive/texmf-dist/tex/latex/url/url.sty
\Urlmuskip=\muskip11
Package: url 2013/09/16  ver 3.4  Verb mode for urls, etc.
)
(/usr/share/texlive/texmf-dist/tex/latex/vmargin/vmargin.sty
Package: vmargin 2004/07/15 V2.5 set document margins (VK)

Package: vmargin 2004/07/15 V2.5 set document margins (VK)
\PaperWidth=\dimen130
\PaperHeight=\dimen131
) (./thesis_intro.aux)
\openout1 = `thesis_intro.aux'.

LaTeX Font Info:    Checking defaults for OML/cmm/m/it on input line 31.
LaTeX Font Info:    ... okay on input line 31.
LaTeX Font Info:    Checking defaults for T1/cmr/m/n on input line 31.
LaTeX Font Info:    ... okay on input line 31.
LaTeX Font Info:    Checking defaults for OT1/cmr/m/n on input line 31.
LaTeX Font Info:    ... okay on input line 31.
LaTeX Font Info:    Checking defaults for OMS/cmsy/m/n on input line 31.
LaTeX Font Info:    ... okay on input line 31.
LaTeX Font Info:    Checking defaults for OMX/cmex/m/n on input line 31.
LaTeX Font Info:    ... okay on input line 31.
LaTeX Font Info:    Checking defaults for U/cmr/m/n on input line 31.
LaTeX Font Info:    ... okay on input line 31.
LaTeX Font Info:    Checking defaults for TS1/cmr/m/n on input line 31.
LaTeX Font Info:    Try loading font information for TS1+cmr on input line 31.
 (/usr/share/texlive/texmf-dist/tex/latex/base/ts1cmr.fd
File: ts1cmr.fd 2014/09/29 v2.5h Standard LaTeX font definitions
)
LaTeX Font Info:    ... okay on input line 31.
*geometry* driver: auto-detecting
*geometry* detected driver: pdftex
*geometry* verbose mode - [ preamble ] result:
* driver: pdftex
* paper: a4paper
* layout: <same size as paper>
* layoutoffset:(h,v)=(0.0pt,0.0pt)
* modes: 
* h-part:(L,W,R)=(72.26999pt, 452.9679pt, 72.26999pt)
* v-part:(T,H,B)=(72.26999pt, 700.50687pt, 72.26999pt)
* \paperwidth=598.14806pt
* \paperheight=845.90042pt
* \textwidth=441.01772pt
* \textheight=625.96062pt
* \oddsidemargin=85.35826pt
* \evensidemargin=71.77208pt
* \topmargin=71.13188pt
* \headheight=14.22636pt
* \headsep=28.45274pt
* \topskip=12.0pt
* \footskip=28.45274pt
* \marginparwidth=35.0pt
* \marginparsep=10.0pt
* \columnsep=10.0pt
* \skip\footins=10.8pt plus 4.0pt minus 2.0pt
* \hoffset=-72.26999pt
* \voffset=-72.26999pt
* \mag=1000
* \@twocolumnfalse
* \@twosidefalse
* \@mparswitchfalse
* \@reversemarginfalse
* (1in=72.27pt=25.4mm, 1cm=28.453pt)

(/usr/share/texlive/texmf-dist/tex/context/base/mkii/supp-pdf.mkii
[Loading MPS to PDF converter (version 2006.09.02).]
\scratchcounter=\count124
\scratchdimen=\dimen132
\scratchbox=\box30
\nofMPsegments=\count125
\nofMParguments=\count126
\everyMPshowfont=\toks24
\MPscratchCnt=\count127
\MPscratchDim=\dimen133
\MPnumerator=\count128
\makeMPintoPDFobject=\count129
\everyMPtoPDFconversion=\toks25
) (/usr/share/texlive/texmf-dist/tex/latex/oberdiek/epstopdf-base.sty
Package: epstopdf-base 2016/05/15 v2.6 Base part for package epstopdf

(/usr/share/texlive/texmf-dist/tex/generic/oberdiek/infwarerr.sty
Package: infwarerr 2016/05/16 v1.4 Providing info/warning/error messages (HO)
)
(/usr/share/texlive/texmf-dist/tex/latex/oberdiek/grfext.sty
Package: grfext 2016/05/16 v1.2 Manage graphics extensions (HO)

(/usr/share/texlive/texmf-dist/tex/generic/oberdiek/kvdefinekeys.sty
Package: kvdefinekeys 2016/05/16 v1.4 Define keys (HO)

(/usr/share/texlive/texmf-dist/tex/generic/oberdiek/ltxcmds.sty
Package: ltxcmds 2016/05/16 v1.23 LaTeX kernel commands for general use (HO)
)))
(/usr/share/texlive/texmf-dist/tex/latex/oberdiek/kvoptions.sty
Package: kvoptions 2016/05/16 v3.12 Key value format for package options (HO)

(/usr/share/texlive/texmf-dist/tex/generic/oberdiek/kvsetkeys.sty
Package: kvsetkeys 2016/05/16 v1.17 Key value parser (HO)

(/usr/share/texlive/texmf-dist/tex/generic/oberdiek/etexcmds.sty
Package: etexcmds 2016/05/16 v1.6 Avoid name clashes with e-TeX commands (HO)

(/usr/share/texlive/texmf-dist/tex/generic/oberdiek/ifluatex.sty
Package: ifluatex 2016/05/16 v1.4 Provides the ifluatex switch (HO)
Package ifluatex Info: LuaTeX not detected.
)
Package etexcmds Info: Could not find \expanded.
(etexcmds)             That can mean that you are not using pdfTeX 1.50 or
(etexcmds)             that some package has redefined \expanded.
(etexcmds)             In the latter case, load this package earlier.
)))
(/usr/share/texlive/texmf-dist/tex/generic/oberdiek/pdftexcmds.sty
Package: pdftexcmds 2018/01/21 v0.26 Utility functions of pdfTeX for LuaTeX (HO
)
Package pdftexcmds Info: LuaTeX not detected.
Package pdftexcmds Info: \pdf@primitive is available.
Package pdftexcmds Info: \pdf@ifprimitive is available.
Package pdftexcmds Info: \pdfdraftmode found.
)
Package epstopdf-base Info: Redefining graphics rule for `.eps' on input line 4
38.
Package grfext Info: Graphics extension search list:
(grfext)             [.pdf,.png,.jpg,.mps,.jpeg,.jbig2,.jb2,.PDF,.PNG,.JPG,.JPE
G,.JBIG2,.JB2,.eps]
(grfext)             \AppendGraphicsExtensions on input line 456.

(/usr/share/texlive/texmf-dist/tex/latex/latexconfig/epstopdf-sys.cfg
File: epstopdf-sys.cfg 2010/07/13 v1.3 Configuration of (r)epstopdf for TeX Liv
e
))
Package caption Info: Begin \AtBeginDocument code.
Package caption Info: subfig package v1.3 is loaded.
Package caption Info: End \AtBeginDocument code.
LaTeX Font Info:    Try loading font information for U+msa on input line 34.

(/usr/share/texlive/texmf-dist/tex/latex/amsfonts/umsa.fd
File: umsa.fd 2013/01/14 v3.01 AMS symbols A
)
LaTeX Font Info:    Try loading font information for U+msb on input line 34.

(/usr/share/texlive/texmf-dist/tex/latex/amsfonts/umsb.fd
File: umsb.fd 2013/01/14 v3.01 AMS symbols B
)

LaTeX Warning: No \author given.

[1

{/var/lib/texmf/fonts/map/pdftex/updmap/pdftex.map}] [1] (./thesis_intro.toc
[1

] [2])
\tf@toc=\write3
\openout3 = `thesis_intro.toc'.

 (./introduction.latex [3]
Chapter 1.

Package natbib Warning: Citation `ramsay2005functional' on page 4 undefined on 
input line 6.


Underfull \hbox (badness 10000) in paragraph at lines 18--22

 []


Underfull \hbox (badness 10000) in paragraph at lines 23--24

 []

[4

]
Underfull \hbox (badness 10000) in paragraph at lines 25--26

 []


Package natbib Warning: Citation `kloeden2013numerical' on page 5 undefined on 
input line 47.


Package natbib Warning: Citation `iacus2009simulation' on page 5 undefined on i
nput line 47.


Underfull \hbox (badness 10000) in paragraph at lines 46--48

 []

</home/padraig/programming/R/latex/chapter_2/modelling_2.pdf, id=31, 597.47943p
t x 845.01837pt>
File: /home/padraig/programming/R/latex/chapter_2/modelling_2.pdf Graphic file 
(type pdf)
<use /home/padraig/programming/R/latex/chapter_2/modelling_2.pdf>
Package pdftex.def Info: /home/padraig/programming/R/latex/chapter_2/modelling_
2.pdf  used on input line 54.
(pdftex.def)             Requested size: 369.88582pt x 523.13234pt.

Package natbib Warning: Citation `ramsay2009functional' on page 5 undefined on 
input line 62.


Package natbib Warning: Citation `ramsay2005functional' on page 5 undefined on 
input line 62.

[5] [6 </home/padraig/programming/R/latex/chapter_2/modelling_2.pdf>]

Package natbib Warning: Citation `iacus2009simulation' on page 7 undefined on i
nput line 76.


Underfull \hbox (badness 10000) in paragraph at lines 70--77

 []


Underfull \hbox (badness 10000) in paragraph at lines 78--79

 []


Underfull \hbox (badness 10000) in paragraph at lines 80--81

 []


Package natbib Warning: Citation `kelly2002filtering' on page 7 undefined on in
put line 82.


Underfull \hbox (badness 10000) in paragraph at lines 82--83

 []

[7] [8]
Underfull \hbox (badness 10000) in paragraph at lines 123--124

 []

[9]
Underfull \hbox (badness 10000) in paragraph at lines 156--158

 []

[10]

Package natbib Warning: Citation `schumaker2007spline' on page 11 undefined on 
input line 167.


Underfull \hbox (badness 10000) in paragraph at lines 165--168

 []

<sin.pdf, id=63, 505.89pt x 505.89pt>
File: sin.pdf Graphic file (type pdf)
<use sin.pdf>
Package pdftex.def Info: sin.pdf  used on input line 174.
(pdftex.def)             Requested size: 369.88582pt x 369.891pt.
[11 <./sin.pdf>]
Underfull \hbox (badness 10000) in paragraph at lines 182--186

 []

</home/padraig/programming/R/latex/chapter_2/fda_modelling.pdf, id=74, 597.4794
3pt x 845.01837pt>
File: /home/padraig/programming/R/latex/chapter_2/fda_modelling.pdf Graphic fil
e (type pdf)
<use /home/padraig/programming/R/latex/chapter_2/fda_modelling.pdf>
Package pdftex.def Info: /home/padraig/programming/R/latex/chapter_2/fda_modell
ing.pdf  used on input line 210.
(pdftex.def)             Requested size: 369.88582pt x 523.13234pt.
</home/padraig/programming/R/latex/chapter_2/fda_framework.pdf, id=75, 597.4794
3pt x 588.94357pt>
File: /home/padraig/programming/R/latex/chapter_2/fda_framework.pdf Graphic fil
e (type pdf)
<use /home/padraig/programming/R/latex/chapter_2/fda_framework.pdf>
Package pdftex.def Info: /home/padraig/programming/R/latex/chapter_2/fda_framew
ork.pdf  used on input line 218.
(pdftex.def)             Requested size: 369.88582pt x 364.60204pt.

Package natbib Warning: Citation `boyd2001chebyshev' on page 12 undefined on in
put line 226.

[12] [13 </home/padraig/programming/R/latex/chapter_2/fda_modelling.pdf>]
[14 </home/padraig/programming/R/latex/chapter_2/fda_framework.pdf>]
Underfull \hbox (badness 10000) in paragraph at lines 268--269

 []


Underfull \hbox (badness 10000) in paragraph at lines 270--271

 []

[15]

Package natbib Warning: Citation `isaacson2012analysis' on page 16 undefined on
 input line 273.


Package natbib Warning: Citation `teschl2012ordinary' on page 16 undefined on i
nput line 273.


Underfull \hbox (badness 10000) in paragraph at lines 272--274

 []

<quad_model.pdf, id=104, 505.89pt x 505.89pt>
File: quad_model.pdf Graphic file (type pdf)
<use quad_model.pdf>
Package pdftex.def Info: quad_model.pdf  used on input line 281.
(pdftex.def)             Requested size: 256.0748pt x 256.07838pt.

LaTeX Warning: `h' float specifier changed to `ht'.

[16]
LaTeX Font Info:    Font shape `OT1/cmtt/bx/n' in size <17.28> not available
(Font)              Font shape `OT1/cmtt/m/n' tried instead on input line 289.


Package natbib Warning: Citation `fdapackage' on page 17 undefined on input lin
e 291.


Package natbib Warning: Citation `ramsay2009functional' on page 17 undefined on
 input line 291.


Package natbib Warning: Citation `ramsay2005functional' on page 17 undefined on
 input line 297.


Underfull \hbox (badness 10000) in paragraph at lines 297--298

 []


Package natbib Warning: Citation `fdapackage' on page 17 undefined on input lin
e 300.

[17 <./quad_model.pdf>] [18]
<mela_standard_plot.pdf, id=123, 505.89pt x 505.89pt>
File: mela_standard_plot.pdf Graphic file (type pdf)
<use mela_standard_plot.pdf>
Package pdftex.def Info: mela_standard_plot.pdf  used on input line 303.
(pdftex.def)             Requested size: 312.9847pt x 312.9803pt.
 [19 <./mela_standard_plot.pdf>]
Underfull \hbox (badness 10000) in paragraph at lines 324--327

 []


Package natbib Warning: Citation `ramsay2005functional' on page 20 undefined on
 input line 336.

</home/padraig/programming/R/latex/chapter_2/tray.pdf, id=133, 505.89pt x 505.8
9pt>
File: /home/padraig/programming/R/latex/chapter_2/tray.pdf Graphic file (type p
df)
<use /home/padraig/programming/R/latex/chapter_2/tray.pdf>
Package pdftex.def Info: /home/padraig/programming/R/latex/chapter_2/tray.pdf  
used on input line 340.
(pdftex.def)             Requested size: 284.52756pt x 284.53154pt.
</home/padraig/programming/R/latex/chapter_2/valve.pdf, id=134, 505.89pt x 505.
89pt>
File: /home/padraig/programming/R/latex/chapter_2/valve.pdf Graphic file (type 
pdf)
<use /home/padraig/programming/R/latex/chapter_2/valve.pdf>
Package pdftex.def Info: /home/padraig/programming/R/latex/chapter_2/valve.pdf 
 used on input line 341.
(pdftex.def)             Requested size: 284.52756pt x 284.53154pt.

LaTeX Warning: `h' float specifier changed to `ht'.

[20

]
Underfull \hbox (badness 10000) in paragraph at lines 371--374

 []

<piecewise.pdf, id=138, 505.89pt x 505.89pt>
File: piecewise.pdf Graphic file (type pdf)
<use piecewise.pdf>
Package pdftex.def Info: piecewise.pdf  used on input line 396.
(pdftex.def)             Requested size: 441.01772pt x 441.02388pt.

LaTeX Warning: `h' float specifier changed to `ht'.

[21] [22]
<nls_fit.pdf, id=145, 505.89pt x 505.89pt>
File: nls_fit.pdf Graphic file (type pdf)
<use nls_fit.pdf>
Package pdftex.def Info: nls_fit.pdf  used on input line 477.
(pdftex.def)             Requested size: 312.9847pt x 312.9803pt.


LaTeX Warning: `h' float specifier changed to `ht'.

LaTeX Font Info:    Font shape `OT1/cmtt/bx/n' in size <14.4> not available
(Font)              Font shape `OT1/cmtt/m/n' tried instead on input line 570.

Underfull \hbox (badness 10000) in paragraph at lines 572--575

 []

[23]
<fda_plot.pdf, id=150, 505.89pt x 505.89pt>
File: fda_plot.pdf Graphic file (type pdf)
<use fda_plot.pdf>
Package pdftex.def Info: fda_plot.pdf  used on input line 595.
(pdftex.def)             Requested size: 312.9847pt x 312.9803pt.


Package natbib Warning: Citation `nocedalnumerical' on page 24 undefined on inp
ut line 611.

[24]
Underfull \hbox (badness 10000) in paragraph at lines 657--660

 []


Underfull \hbox (badness 10000) in paragraph at lines 661--667

 []


LaTeX Warning: No positions in optional float specifier.
               Default added (so using `tbp') on input line 675.


Package natbib Warning: Citation `nocedalnumerical' on page 25 undefined on inp
ut line 692.

[25]
Underfull \hbox (badness 10000) in paragraph at lines 696--697

 []

[26]) (./parameter_cascade.latex [27] [28 </home/padraig/programming/R/latex/ch
apter_2/tray.pdf> </home/padraig/programming/R/latex/chapter_2/valve.pdf>]
[29 <./piecewise.pdf>] [30 <./nls_fit.pdf>] [31 <./fda_plot.pdf>]
Chapter 2.

Overfull \hbox (11.58015pt too wide) in paragraph at lines 5--5
[]\OT1/cmr/bx/n/17.28 Fitting the Re-flux Data Us-ing a Semi-Parametric
 []


Underfull \hbox (badness 10000) in paragraph at lines 7--8

 []


LaTeX Warning: Reference `sec:reflux_collocation_fit' on page 32 undefined on i
nput line 9.

[32

]
Underfull \hbox (badness 10000) in paragraph at lines 21--22

 []


Underfull \hbox (badness 10000) in paragraph at lines 31--32

 []


Package natbib Warning: Citation `ramsay2005functional' on page 33 undefined on
 input line 48.

[33]
Underfull \hbox (badness 10000) in paragraph at lines 71--72

 []


Underfull \hbox (badness 10000) in paragraph at lines 73--74

 []

</home/padraig/latex/high_frequency_perturbation.pdf, id=217, 505.89pt x 505.89
pt>
File: /home/padraig/latex/high_frequency_perturbation.pdf Graphic file (type pd
f)
<use /home/padraig/latex/high_frequency_perturbation.pdf>
Package pdftex.def Info: /home/padraig/latex/high_frequency_perturbation.pdf  u
sed on input line 93.
(pdftex.def)             Requested size: 341.43785pt x 341.43306pt.

LaTeX Warning: `h' float specifier changed to `ht'.

[34]

Package natbib Warning: Citation `cao2007parameter' on page 35 undefined on inp
ut line 107.


Overfull \hbox (19.08812pt too wide) in paragraph at lines 109--110
[]\OT1/cmr/m/n/12 Given a fixed value of $\OML/cmm/m/it/12 ^^R;$ \OT1/cmr/m/n/1
2 let $\OML/cmm/m/it/12 f\OT1/cmr/m/n/12 (\OML/cmm/m/it/12 t\OMS/cmsy/m/n/12 j\
OML/cmm/m/it/12 ^^R\OT1/cmr/m/n/12 )$ de-note the func-tion that min-imises $\O
ML/cmm/m/it/12 PENSSE\OT1/cmr/m/n/12 (\OML/cmm/m/it/12 f; ^^R\OT1/cmr/m/n/12 )$
. 
 []

[35 </home/padraig/latex/high_frequency_perturbation.pdf>]
Underfull \hbox (badness 10000) in paragraph at lines 117--118

 []


Underfull \hbox (badness 10000) in paragraph at lines 119--120

 []


Underfull \hbox (badness 10000) in paragraph at lines 121--122

 []

</home/padraig/programming/R/latex/chapter_2/2_stage_parameter.pdf, id=231, 845
.01837pt x 1194.98729pt>
File: /home/padraig/programming/R/latex/chapter_2/2_stage_parameter.pdf Graphic
 file (type pdf)
<use /home/padraig/programming/R/latex/chapter_2/2_stage_parameter.pdf>
Package pdftex.def Info: /home/padraig/programming/R/latex/chapter_2/2_stage_pa
rameter.pdf  used on input line 127.
(pdftex.def)             Requested size: 369.88582pt x 523.07918pt.
</home/padraig/programming/R/latex/chapter_2/2_stage_parameter_full.pdf, id=232
, 845.01837pt x 1194.98729pt>
File: /home/padraig/programming/R/latex/chapter_2/2_stage_parameter_full.pdf Gr
aphic file (type pdf)
<use /home/padraig/programming/R/latex/chapter_2/2_stage_parameter_full.pdf>
Package pdftex.def Info: /home/padraig/programming/R/latex/chapter_2/2_stage_pa
rameter_full.pdf  used on input line 134.
(pdftex.def)             Requested size: 369.88582pt x 523.07918pt.

Package natbib Warning: Citation `cao2007parameter' on page 36 undefined on inp
ut line 142.


Package natbib Warning: Citation `ramsay2007parameter' on page 36 undefined on 
input line 142.


Underfull \hbox (badness 10000) in paragraph at lines 142--143

 []


Underfull \hbox (badness 10000) in paragraph at lines 144--145

 []

[36] [37 </home/padraig/programming/R/latex/chapter_2/2_stage_parameter.pdf>]
[38 </home/padraig/programming/R/latex/chapter_2/2_stage_parameter_full.pdf>]

Package natbib Warning: Citation `data2ld' on page 39 undefined on input line 1
50.


Underfull \hbox (badness 10000) in paragraph at lines 150--151

 []


Underfull \hbox (badness 10000) in paragraph at lines 167--168

 []

[39]

Package natbib Warning: Citation `nocedalnumerical' on page 40 undefined on inp
ut line 199.


Underfull \hbox (badness 10000) in paragraph at lines 212--213

 []

[40]
<data2ld_tests.pdf, id=273, 505.89pt x 505.89pt>
File: data2ld_tests.pdf Graphic file (type pdf)
<use data2ld_tests.pdf>
Package pdftex.def Info: data2ld_tests.pdf  used on input line 228.
(pdftex.def)             Requested size: 284.53154pt x 284.52756pt.

Underfull \hbox (badness 10000) in paragraph at lines 233--234

 []


Underfull \hbox (badness 10000) in paragraph at lines 235--236

 []

[41 <./data2ld_tests.pdf>]

Package natbib Warning: Citation `mcconnell2004code' on page 42 undefined on in
put line 237.


Overfull \hbox (11.80208pt too wide) in paragraph at lines 241--241
[]\OT1/cmr/bx/n/17.28 Hierarchical fit-ting of a Par-tial Dif-fer-en-tial Equa-

 []


Package natbib Warning: Citation `strauss2007partial' on page 42 undefined on i
nput line 249.


Underfull \hbox (badness 10000) in paragraph at lines 255--257

 []


Underfull \hbox (badness 10000) in paragraph at lines 258--259

 []

[42]
Underfull \hbox (badness 10000) in paragraph at lines 266--267

 []

) (./brent.latex [43]
Chapter 3.

Package natbib Warning: Citation `cao2007parameter' on page 44 undefined on inp
ut line 4.


Package natbib Warning: Citation `nocedalnumerical' on page 44 undefined on inp
ut line 8.

[44

]

Package natbib Warning: Citation `nocedalnumerical' on page 45 undefined on inp
ut line 18.


Package natbib Warning: Citation `isaacson2012analysis' on page 45 undefined on
 input line 18.


Package natbib Warning: Citation `lange2004optimization' on page 45 undefined o
n input line 18.


Package natbib Warning: Citation `lange2010numerical' on page 45 undefined on i
nput line 18.


Underfull \hbox (badness 10000) in paragraph at lines 18--19

 []


Package natbib Warning: Citation `isaacson2012analysis' on page 45 undefined on
 input line 20.


Underfull \hbox (badness 10000) in paragraph at lines 20--21

 []


Package natbib Warning: Citation `isaacson2012analysis' on page 45 undefined on
 input line 26.


Package natbib Warning: Citation `nocedalnumerical' on page 45 undefined on inp
ut line 26.


Underfull \hbox (badness 10000) in paragraph at lines 46--47

 []

[45]

Package natbib Warning: Citation `isaacson2012analysis' on page 46 undefined on
 input line 48.


Package natbib Warning: Citation `nocedalnumerical' on page 46 undefined on inp
ut line 52.


Package natbib Warning: Citation `vandebogart2017method' on page 46 undefined o
n input line 52.


Package natbib Warning: Citation `vandebogart2017method' on page 46 undefined o
n input line 60.


Package natbib Warning: Citation `nocedalnumerical' on page 46 undefined on inp
ut line 60.


Package natbib Warning: Citation `nocedalnumerical' on page 46 undefined on inp
ut line 64.


Package natbib Warning: Citation `isaacson2012analysis' on page 46 undefined on
 input line 64.


Package natbib Warning: Citation `lange2010numerical' on page 46 undefined on i
nput line 64.


Underfull \hbox (badness 10000) in paragraph at lines 64--65

 []

[46]

Package natbib Warning: Citation `data2ld' on page 47 undefined on input line 7
6.

[47]
Underfull \hbox (badness 10000) in paragraph at lines 134--135

 []

[48]

Package natbib Warning: Citation `lange2010numerical' on page 49 undefined on i
nput line 193.


Package natbib Warning: Citation `chong2013introduction' on page 49 undefined o
n input line 193.

[49]
<golden_section.pdf, id=310, 318.3132pt x 341.68051pt>
File: golden_section.pdf Graphic file (type pdf)
<use golden_section.pdf>
Package pdftex.def Info: golden_section.pdf  used on input line 197.
(pdftex.def)             Requested size: 238.57402pt x 256.0748pt.


Package natbib Warning: Citation `brent2013algorithms' on page 50 undefined on 
input line 204.

[50 <./golden_section.pdf>]
Overfull \hbox (17.14807pt too wide) in paragraph at lines 206--206
[]\OT1/cmr/bx/n/17.28 Estimation Of Pa-ram-e-ters For a Stan-dard Cauchy
 []


Underfull \hbox (badness 10000) in paragraph at lines 225--226

 []

[51]

Package natbib Warning: Citation `pawitan2001all' on page 52 undefined on input
 line 227.


Package natbib Warning: Citation `leveque2007finite' on page 52 undefined on in
put line 227.


Package natbib Warning: Citation `fornberg1988generation' on page 52 undefined 
on input line 227.


Underfull \hbox (badness 10000) in paragraph at lines 227--228

 []

<profile.pdf, id=325, 505.89pt x 505.89pt>
File: profile.pdf Graphic file (type pdf)
<use profile.pdf>
Package pdftex.def Info: profile.pdf  used on input line 234.
(pdftex.def)             Requested size: 256.07838pt x 256.0748pt.
<contour.pdf, id=326, 505.89pt x 505.89pt>
File: contour.pdf Graphic file (type pdf)
<use contour.pdf>
Package pdftex.def Info: contour.pdf  used on input line 235.
(pdftex.def)             Requested size: 256.07838pt x 256.0748pt.

LaTeX Warning: `h' float specifier changed to `ht'.

<test.pdf, id=327, 505.89pt x 505.89pt>
File: test.pdf Graphic file (type pdf)
<use test.pdf>
Package pdftex.def Info: test.pdf  used on input line 243.
(pdftex.def)             Requested size: 284.53154pt x 284.52756pt.

LaTeX Warning: `h' float specifier changed to `ht'.

[52]

Package natbib Warning: Citation `small1990survey' on page 53 undefined on inpu
t line 252.


Underfull \hbox (badness 10000) in paragraph at lines 252--253

 []


Underfull \hbox (badness 10000) in paragraph at lines 264--265

 []


Package natbib Warning: Citation `desolve' on page 53 undefined on input line 2
66.

[53]
<MAE.pdf, id=335, 505.89pt x 505.89pt>
File: MAE.pdf Graphic file (type pdf)
<use MAE.pdf>
Package pdftex.def Info: MAE.pdf  used on input line 276.
(pdftex.def)             Requested size: 284.53154pt x 284.52756pt.
<cauchy_fit.pdf, id=336, 505.89pt x 505.89pt>
File: cauchy_fit.pdf Graphic file (type pdf)
<use cauchy_fit.pdf>
Package pdftex.def Info: cauchy_fit.pdf  used on input line 277.
(pdftex.def)             Requested size: 284.53154pt x 284.52756pt.


LaTeX Warning: `h' float specifier changed to `ht'.

[54]
Underfull \hbox (badness 10000) in paragraph at lines 285--286

 []


Underfull \hbox (badness 10000) in paragraph at lines 293--294

 []


Overfull \hbox (2.77428pt too wide) in paragraph at lines 301--302
\OT1/cmr/m/n/12 There are sev-eral plau-si-ble choices for $\OML/cmm/m/it/12 F\
OT1/cmr/m/n/12 (\OMS/cmsy/m/n/12 ^^A\OT1/cmr/m/n/12 )\OML/cmm/m/it/12 :$ \OT1/c
mr/m/n/12 One could use leave-one-out cross-validation,
 []


Underfull \hbox (badness 10000) in paragraph at lines 301--302

 []


Underfull \hbox (badness 10000) in paragraph at lines 303--304

 []


Underfull \hbox (badness 10000) in paragraph at lines 305--306

 []

[55]

Package natbib Warning: Citation `cao2007parameter' on page 56 undefined on inp
ut line 307.


Underfull \hbox (badness 10000) in paragraph at lines 324--325

 []

[56]
Underfull \hbox (badness 10000) in paragraph at lines 326--327

 []


Package natbib Warning: Citation `shor2012minimization' on page 57 undefined on
 input line 328.

<mela_omega_plot.pdf, id=347, 505.89pt x 505.89pt>
File: mela_omega_plot.pdf Graphic file (type pdf)
<use mela_omega_plot.pdf>
Package pdftex.def Info: mela_omega_plot.pdf  used on input line 333.
(pdftex.def)             Requested size: 256.07838pt x 256.0748pt.
<mela_lambda_plot.pdf, id=348, 505.89pt x 505.89pt>
File: mela_lambda_plot.pdf Graphic file (type pdf)
<use mela_lambda_plot.pdf>
Package pdftex.def Info: mela_lambda_plot.pdf  used on input line 334.
(pdftex.def)             Requested size: 256.07838pt x 256.0748pt.
[57]
<mela_omega_MAD_plot.pdf, id=352, 505.89pt x 505.89pt>
File: mela_omega_MAD_plot.pdf Graphic file (type pdf)
<use mela_omega_MAD_plot.pdf>
Package pdftex.def Info: mela_omega_MAD_plot.pdf  used on input line 342.
(pdftex.def)             Requested size: 256.07838pt x 256.0748pt.
<mela_l2_mad_plot.pdf, id=353, 505.89pt x 505.89pt>
File: mela_l2_mad_plot.pdf Graphic file (type pdf)
<use mela_l2_mad_plot.pdf>
Package pdftex.def Info: mela_l2_mad_plot.pdf  used on input line 349.
(pdftex.def)             Requested size: 284.53154pt x 284.52756pt.
) (./mm.latex [58 <./profile.pdf> <./contour.pdf>] [59 <./test.pdf>]
[60 <./MAE.pdf> <./cauchy_fit.pdf>] [61 <./mela_omega_plot.pdf> <./mela_lambda_
plot.pdf>] [62 <./mela_omega_MAD_plot.pdf> <./mela_l2_mad_plot.pdf>]
Chapter 4.

Underfull \hbox (badness 10000) in paragraph at lines 7--8

 []

[63

]

Package natbib Warning: Citation `hunter2004tutorial' on page 64 undefined on i
nput line 9.


Package natbib Warning: Citation `lange2004optimization' on page 64 undefined o
n input line 9.


Package natbib Warning: Citation `lange2010numerical' on page 64 undefined on i
nput line 9.


Package natbib Warning: Citation `small1990survey' on page 64 undefined on inpu
t line 18.


Package natbib Warning: Citation `hunter2004tutorial' on page 64 undefined on i
nput line 18.


Package natbib Warning: Citation `lange2004optimization' on page 64 undefined o
n input line 18.


Package natbib Warning: Citation `lange2010numerical' on page 64 undefined on i
nput line 18.


Package natbib Warning: Citation `wu2010mm' on page 64 undefined on input line 
33.


Underfull \hbox (badness 10000) in paragraph at lines 33--34

 []

[64]

Package natbib Warning: Citation `lange2007slides' on page 65 undefined on inpu
t line 35.


Package natbib Warning: Citation `hunter2004tutorial' on page 65 undefined on i
nput line 35.


Package natbib Warning: Citation `lange2007slides' on page 65 undefined on inpu
t line 35.

[65]

Package natbib Warning: Citation `rudin1964principles' on page 66 undefined on 
input line 91.


Underfull \hbox (badness 10000) in paragraph at lines 91--92

 []

[66]

Package natbib Warning: Citation `mclachlan2007algorithm' on page 67 undefined 
on input line 94.


Underfull \hbox (badness 10000) in paragraph at lines 94--95

 []


Package natbib Warning: Citation `wu2010mm' on page 67 undefined on input line 
96.


Underfull \hbox (badness 10000) in paragraph at lines 100--101

 []

[67]
Underfull \hbox (badness 10000) in paragraph at lines 102--103

 []

<mela_l1_l2_plot.pdf, id=443, 505.89pt x 505.89pt>
File: mela_l1_l2_plot.pdf Graphic file (type pdf)
<use mela_l1_l2_plot.pdf>
Package pdftex.def Info: mela_l1_l2_plot.pdf  used on input line 108.
(pdftex.def)             Requested size: 284.53154pt x 284.52756pt.
</home/padraig/latex/mela_l1_convergence_plot.pdf, id=444, 505.89pt x 505.89pt>

File: /home/padraig/latex/mela_l1_convergence_plot.pdf Graphic file (type pdf)
<use /home/padraig/latex/mela_l1_convergence_plot.pdf>
Package pdftex.def Info: /home/padraig/latex/mela_l1_convergence_plot.pdf  used
 on input line 116.
(pdftex.def)             Requested size: 256.07838pt x 256.0748pt.
</home/padraig/latex/mela_l1_convergence_log_plot.pdf, id=445, 505.89pt x 505.8
9pt>
File: /home/padraig/latex/mela_l1_convergence_log_plot.pdf Graphic file (type p
df)
<use /home/padraig/latex/mela_l1_convergence_log_plot.pdf>
Package pdftex.def Info: /home/padraig/latex/mela_l1_convergence_log_plot.pdf  
used on input line 117.
(pdftex.def)             Requested size: 256.07838pt x 256.0748pt.
<mela_pensae_plot.pdf, id=446, 505.89pt x 505.89pt>
File: mela_pensae_plot.pdf Graphic file (type pdf)
<use mela_pensae_plot.pdf>
Package pdftex.def Info: mela_pensae_plot.pdf  used on input line 124.
(pdftex.def)             Requested size: 256.07838pt x 256.0748pt.
<mela_coef_convergence_plot.pdf, id=447, 505.89pt x 505.89pt>
File: mela_coef_convergence_plot.pdf Graphic file (type pdf)
<use mela_coef_convergence_plot.pdf>
Package pdftex.def Info: mela_coef_convergence_plot.pdf  used on input line 131
.
(pdftex.def)             Requested size: 256.07838pt x 256.0748pt.
[68 <./mela_l1_l2_plot.pdf>] [69 </home/padraig/latex/mela_l1_convergence_plot.
pdf> </home/padraig/latex/mela_l1_convergence_log_plot.pdf>] [70 <./mela_pensae
_plot.pdf> <./mela_coef_convergence_plot.pdf>]
Underfull \hbox (badness 10000) in paragraph at lines 142--143

 []

</home/padraig/latex/mela_omega_mae_profile.pdf, id=488, 505.89pt x 505.89pt>
File: /home/padraig/latex/mela_omega_mae_profile.pdf Graphic file (type pdf)
<use /home/padraig/latex/mela_omega_mae_profile.pdf>
Package pdftex.def Info: /home/padraig/latex/mela_omega_mae_profile.pdf  used o
n input line 150.
(pdftex.def)             Requested size: 256.07838pt x 256.0748pt.
</home/padraig/latex/mela_omega_mae_fit.pdf, id=489, 505.89pt x 505.89pt>
File: /home/padraig/latex/mela_omega_mae_fit.pdf Graphic file (type pdf)
<use /home/padraig/latex/mela_omega_mae_fit.pdf>
Package pdftex.def Info: /home/padraig/latex/mela_omega_mae_fit.pdf  used on in
put line 151.
(pdftex.def)             Requested size: 256.07838pt x 256.0748pt.
</home/padraig/latex/mela_l1_l2_cascade_plot.pdf, id=490, 505.89pt x 505.89pt>
File: /home/padraig/latex/mela_l1_l2_cascade_plot.pdf Graphic file (type pdf)
<use /home/padraig/latex/mela_l1_l2_cascade_plot.pdf>
Package pdftex.def Info: /home/padraig/latex/mela_l1_l2_cascade_plot.pdf  used 
on input line 158.
(pdftex.def)             Requested size: 256.07838pt x 256.0748pt.
[71

] [72 </home/padraig/latex/mela_omega_mae_profile.pdf> </home/padraig/latex/mel
a_omega_mae_fit.pdf>]
<mela_l1_l2_combinations.pdf, id=511, 505.89pt x 505.89pt>
File: mela_l1_l2_combinations.pdf Graphic file (type pdf)
<use mela_l1_l2_combinations.pdf>
Package pdftex.def Info: mela_l1_l2_combinations.pdf  used on input line 167.
(pdftex.def)             Requested size: 256.07838pt x 256.0748pt.
<mela_l1_l2_combinations_perturbed.pdf, id=512, 505.89pt x 505.89pt>
File: mela_l1_l2_combinations_perturbed.pdf Graphic file (type pdf)
<use mela_l1_l2_combinations_perturbed.pdf>
Package pdftex.def Info: mela_l1_l2_combinations_perturbed.pdf  used on input l
ine 168.
(pdftex.def)             Requested size: 256.07838pt x 256.0748pt.
 [73 </home/padraig/latex/mela_l1_l2_cascade_plot.pdf>] [74 <./mela_l1_l2_combi
nations.pdf> <./mela_l1_l2_combinations_perturbed.pdf>]

Package natbib Warning: Citation `mclachlan2007algorithm' on page 75 undefined 
on input line 177.


Underfull \hbox (badness 10000) in paragraph at lines 177--178

 []


Package natbib Warning: Citation `mclachlan2007algorithm' on page 75 undefined 
on input line 179.


Package natbib Warning: Citation `wu2010mm' on page 75 undefined on input line 
179.


Underfull \hbox (badness 10000) in paragraph at lines 179--180

 []


Package natbib Warning: Citation `dempster1977maximum' on page 75 undefined on 
input line 181.


Package natbib Warning: Citation `mclachlan2007algorithm' on page 75 undefined 
on input line 181.


Package natbib Warning: Citation `isaacson2012analysis' on page 75 undefined on
 input line 188.

[75

]

Package natbib Warning: Citation `mclachlan2007algorithm' on page 76 undefined 
on input line 194.


Underfull \hbox (badness 10000) in paragraph at lines 198--199

 []

[76]
Overfull \hbox (8.53603pt too wide) in paragraph at lines 223--224
\OT1/cmr/m/n/12 If the trans-for-ma-tion in Equa-tion (4.4[]) is ap-plied to a 
se-quence of val-ues $\OML/cmm/m/it/12 x[]; x[]; [] ; x[]; [] $
 []


Overfull \hbox (19.57202pt too wide) in paragraph at lines 223--224
\OT1/cmr/m/n/12 that is of form pre-sented in Equa-tion (4.3[]), then the trans
-formed se-quence $[]\OML/cmm/m/it/12 ; []; [] ; []; [] $
 []


Underfull \hbox (badness 10000) in paragraph at lines 223--224

 []


Underfull \hbox (badness 10000) in paragraph at lines 225--227

 []


Package natbib Warning: Citation `isaacson2012analysis' on page 77 undefined on
 input line 228.


Package natbib Warning: Citation `chan2017acceleration' on page 77 undefined on
 input line 232.


Package natbib Warning: Citation `dempster1977maximum' on page 77 undefined on 
input line 232.

[77]
<anova_accel.pdf, id=548, 505.89pt x 505.89pt>
File: anova_accel.pdf Graphic file (type pdf)
<use anova_accel.pdf>
Package pdftex.def Info: anova_accel.pdf  used on input line 236.
(pdftex.def)             Requested size: 256.07838pt x 256.0748pt.
<anova_double_accel.pdf, id=549, 505.89pt x 505.89pt>
File: anova_double_accel.pdf Graphic file (type pdf)
<use anova_double_accel.pdf>
Package pdftex.def Info: anova_double_accel.pdf  used on input line 243.
(pdftex.def)             Requested size: 256.07838pt x 256.0748pt.
 [78 <./anova_accel.pdf>]

LaTeX Warning: No positions in optional float specifier.
               Default added (so using `tbp') on input line 248.

[79 <./anova_double_accel.pdf>] [80]

Package natbib Warning: Citation `graves2000epsilon' on page 81 undefined on in
put line 288.


Package natbib Warning: Citation `osada1993acceleration' on page 81 undefined o
n input line 288.


Package natbib Warning: Citation `wimp1981sequence' on page 81 undefined on inp
ut line 288.

<l1_accleration_plot.pdf, id=571, 505.89pt x 505.89pt>
File: l1_accleration_plot.pdf Graphic file (type pdf)
<use l1_accleration_plot.pdf>
Package pdftex.def Info: l1_accleration_plot.pdf  used on input line 293.
(pdftex.def)             Requested size: 256.07838pt x 256.0748pt.
<multi_accleration_plot.pdf, id=572, 505.89pt x 505.89pt>
File: multi_accleration_plot.pdf Graphic file (type pdf)
<use multi_accleration_plot.pdf>
Package pdftex.def Info: multi_accleration_plot.pdf  used on input line 300.
(pdftex.def)             Requested size: 256.07838pt x 256.0748pt.
) (./nonlinear_regress.latex [81

 <./l1_accleration_plot.pdf>] [82 <./multi_accleration_plot.pdf>]
Chapter 5.

Package natbib Warning: Citation `ramsay2017dynamic' on page 83 undefined on in
put line 5.


Package natbib Warning: Citation `hooker2016collocinfer' on page 83 undefined o
n input line 5.


Underfull \hbox (badness 10000) in paragraph at lines 17--18

 []

[83

]

Package natbib Warning: Citation `hydon2000symmetry' on page 84 undefined on in
put line 19.

[84]
</home/padraig/latex/exp_param_cascade_profile.pdf, id=598, 505.89pt x 505.89pt
>
File: /home/padraig/latex/exp_param_cascade_profile.pdf Graphic file (type pdf)

<use /home/padraig/latex/exp_param_cascade_profile.pdf>
Package pdftex.def Info: /home/padraig/latex/exp_param_cascade_profile.pdf  use
d on input line 42.
(pdftex.def)             Requested size: 256.07838pt x 256.0748pt.
</home/padraig/latex/exp_param_cascade_fit.pdf, id=599, 505.89pt x 505.89pt>
File: /home/padraig/latex/exp_param_cascade_fit.pdf Graphic file (type pdf)
<use /home/padraig/latex/exp_param_cascade_fit.pdf>
Package pdftex.def Info: /home/padraig/latex/exp_param_cascade_fit.pdf  used on
 input line 43.
(pdftex.def)             Requested size: 256.07838pt x 256.0748pt.


LaTeX Warning: `h' float specifier changed to `ht'.


Underfull \hbox (badness 10000) in paragraph at lines 70--71

 []

[85]
Underfull \hbox (badness 10000) in paragraph at lines 85--86

 []

</home/padraig/latex/ode_param_cascade_fit.pdf, id=603, 505.89pt x 505.89pt>
File: /home/padraig/latex/ode_param_cascade_fit.pdf Graphic file (type pdf)
<use /home/padraig/latex/ode_param_cascade_fit.pdf>
Package pdftex.def Info: /home/padraig/latex/ode_param_cascade_fit.pdf  used on
 input line 89.
(pdftex.def)             Requested size: 256.07838pt x 256.0748pt.
</home/padraig/latex/ode_param_cascade_contour.pdf, id=604, 505.89pt x 505.89pt
>
File: /home/padraig/latex/ode_param_cascade_contour.pdf Graphic file (type pdf)

<use /home/padraig/latex/ode_param_cascade_contour.pdf>
Package pdftex.def Info: /home/padraig/latex/ode_param_cascade_contour.pdf  use
d on input line 90.
(pdftex.def)             Requested size: 256.07838pt x 256.0748pt.
[86]
</home/padraig/latex/nonlinear_regression/transport_equation_profile.pdf, id=60
8, 505.89pt x 505.89pt>
File: /home/padraig/latex/nonlinear_regression/transport_equation_profile.pdf G
raphic file (type pdf)
<use /home/padraig/latex/nonlinear_regression/transport_equation_profile.pdf>
Package pdftex.def Info: /home/padraig/latex/nonlinear_regression/transport_equ
ation_profile.pdf  used on input line 133.
(pdftex.def)             Requested size: 256.07838pt x 256.0748pt.


LaTeX Warning: `h' float specifier changed to `ht'.

</home/padraig/latex/nonlinear_regression/transport_200_samples.pdf, id=609, 50
5.89pt x 505.89pt>
File: /home/padraig/latex/nonlinear_regression/transport_200_samples.pdf Graphi
c file (type pdf)
<use /home/padraig/latex/nonlinear_regression/transport_200_samples.pdf>
Package pdftex.def Info: /home/padraig/latex/nonlinear_regression/transport_200
_samples.pdf  used on input line 143.
(pdftex.def)             Requested size: 256.07838pt x 256.0748pt.
</home/padraig/latex/nonlinear_regression/transport_2000_samples.pdf, id=610, 5
05.89pt x 505.89pt>
File: /home/padraig/latex/nonlinear_regression/transport_2000_samples.pdf Graph
ic file (type pdf)
<use /home/padraig/latex/nonlinear_regression/transport_2000_samples.pdf>
Package pdftex.def Info: /home/padraig/latex/nonlinear_regression/transport_200
0_samples.pdf  used on input line 147.
(pdftex.def)             Requested size: 256.07838pt x 256.0748pt.

LaTeX Warning: Float too large for page by 26.18896pt on input line 150.


LaTeX Warning: `h' float specifier changed to `ht'.

[87] [88 </home/padraig/latex/exp_param_cascade_profile.pdf> </home/padraig/lat
ex/exp_param_cascade_fit.pdf>] [89 </home/padraig/latex/ode_param_cascade_fit.p
df> </home/padraig/latex/ode_param_cascade_contour.pdf>] [90 </home/padraig/lat
ex/nonlinear_regression/transport_equation_profile.pdf>] [91 </home/padraig/lat
ex/nonlinear_regression/transport_200_samples.pdf> </home/padraig/latex/nonline
ar_regression/transport_2000_samples.pdf>]
Overfull \hbox (21.0757pt too wide) in paragraph at lines 163--164
\OT1/cmr/m/n/12 The prob-lem of es-ti-mat-ing $\OML/cmm/m/it/12 ^^L$ \OT1/cmr/m
/n/12 for this PDE is ill-conditioned in the sense that \OT1/cmtt/m/n/12 smooth
.spline
 []

</home/padraig/latex/nonlinear_regression/transport_mod_profile.pdf, id=671, 50
5.89pt x 505.89pt>
File: /home/padraig/latex/nonlinear_regression/transport_mod_profile.pdf Graphi
c file (type pdf)
<use /home/padraig/latex/nonlinear_regression/transport_mod_profile.pdf>
Package pdftex.def Info: /home/padraig/latex/nonlinear_regression/transport_mod
_profile.pdf  used on input line 168.
(pdftex.def)             Requested size: 256.07838pt x 256.0748pt.
</home/padraig/latex/nonlinear_regression/mod_transport_plot.pdf, id=672, 505.8
9pt x 505.89pt>
File: /home/padraig/latex/nonlinear_regression/mod_transport_plot.pdf Graphic f
ile (type pdf)
<use /home/padraig/latex/nonlinear_regression/mod_transport_plot.pdf>
Package pdftex.def Info: /home/padraig/latex/nonlinear_regression/mod_transport
_plot.pdf  used on input line 174.
(pdftex.def)             Requested size: 256.07838pt x 256.0748pt.
) (./conclusion.latex [92

 </home/padraig/latex/nonlinear_regression/transport_mod_profile.pdf>] [93 </ho
me/padraig/latex/nonlinear_regression/mod_transport_plot.pdf>]
Chapter 6.

Underfull \hbox (badness 10000) in paragraph at lines 5--6

 []


Underfull \hbox (badness 10000) in paragraph at lines 16--17

 []

[94

]) [95] [96


] (./opt_intro.latex
Appendix A.

Package natbib Warning: Citation `nocedalnumerical' on page 97 undefined on inp
ut line 3.


Package natbib Warning: Citation `chong2013introduction' on page 97 undefined o
n input line 3.


Package natbib Warning: Citation `nocedalnumerical' on page 97 undefined on inp
ut line 3.


Package natbib Warning: Citation `chong2013introduction' on page 97 undefined o
n input line 3.


Overfull \hbox (1.8874pt too wide) in paragraph at lines 3--4
\OT1/cmr/m/n/12 This ap-pendix pro-vides an overview of the ideas in nu-mer-i-c
al op-ti-mi-sa-tion used through-
 []


Overfull \hbox (41.32806pt too wide) in paragraph at lines 5--5
[]\OT1/cmr/bx/n/17.28 Gradient De-scent and the Newton-Raphson method 
 []


Package natbib Warning: Citation `nocedalnumerical' on page 97 undefined on inp
ut line 22.


Package natbib Warning: Citation `chong2013introduction' on page 97 undefined o
n input line 22.


Package natbib Warning: Citation `mathematicsdata2018' on page 97 undefined on 
input line 22.


Package natbib Warning: Citation `mathematicsdata2018' on page 97 undefined on 
input line 22.


Underfull \hbox (badness 10000) in paragraph at lines 22--23

 []


Underfull \hbox (badness 10000) in paragraph at lines 24--25

 []

[97

]

Package natbib Warning: Citation `nocedalnumerical' on page 98 undefined on inp
ut line 38.


Package natbib Warning: Citation `isaacson2012analysis' on page 98 undefined on
 input line 38.


Package natbib Warning: Citation `lange2010numerical' on page 98 undefined on i
nput line 38.


Package natbib Warning: Citation `lange2004optimization' on page 98 undefined o
n input line 38.


Package natbib Warning: Citation `chong2013introduction' on page 98 undefined o
n input line 38.


Package natbib Warning: Citation `isaacson2012analysis' on page 98 undefined on
 input line 38.


Package natbib Warning: Citation `isaacson2012analysis' on page 98 undefined on
 input line 38.


Underfull \hbox (badness 10000) in paragraph at lines 38--39

 []

[98]
<gradient_sublinear_extended.pdf, id=708, 505.89pt x 505.89pt>
File: gradient_sublinear_extended.pdf Graphic file (type pdf)
<use gradient_sublinear_extended.pdf>
Package pdftex.def Info: gradient_sublinear_extended.pdf  used on input line 46
.
(pdftex.def)             Requested size: 426.7973pt x 426.79134pt.
 [99 <./gradient_sublinear_extended.pdf>]
<newton_gradient.pdf, id=718, 505.89pt x 505.89pt>
File: newton_gradient.pdf Graphic file (type pdf)
<use newton_gradient.pdf>
Package pdftex.def Info: newton_gradient.pdf  used on input line 54.
(pdftex.def)             Requested size: 426.7973pt x 426.79134pt.
 [100 <./newton_gradient.pdf>]

Package natbib Warning: Citation `kelley1995iterative' on page 101 undefined on
 input line 69.


Underfull \hbox (badness 10000) in paragraph at lines 77--78

 []


Package natbib Warning: Citation `kelley1995iterative' on page 101 undefined on
 input line 79.


Package natbib Warning: Citation `isaacson2012analysis' on page 101 undefined o
n input line 79.

[101


]

Package natbib Warning: Citation `nocedalnumerical' on page 102 undefined on in
put line 110.


Package natbib Warning: Citation `lange2004optimization' on page 102 undefined 
on input line 110.


Package natbib Warning: Citation `lange2010numerical' on page 102 undefined on 
input line 110.


Package natbib Warning: Citation `nocedalnumerical' on page 102 undefined on in
put line 110.


Package natbib Warning: Citation `nocedalnumerical' on page 102 undefined on in
put line 130.

[102]

Package natbib Warning: Citation `kelley1995iterative' on page 103 undefined on
 input line 143.


Underfull \hbox (badness 10000) in paragraph at lines 143--144

 []


Package natbib Warning: Citation `rlanguage' on page 103 undefined on input lin
e 145.


Package natbib Warning: Citation `rlanguage' on page 103 undefined on input lin
e 145.


Package natbib Warning: Citation `nocedalnumerical' on page 103 undefined on in
put line 145.


Underfull \hbox (badness 10000) in paragraph at lines 145--146

 []


Package natbib Warning: Citation `nocedalnumerical' on page 103 undefined on in
put line 147.


Package natbib Warning: Citation `nocedalnumerical' on page 103 undefined on in
put line 151.


Package natbib Warning: Citation `leveque2007finite' on page 103 undefined on i
nput line 151.


Package natbib Warning: Citation `kelley1995iterative' on page 103 undefined on
 input line 151.

[103]
Underfull \hbox (badness 10000) in paragraph at lines 168--169

 []


Package natbib Warning: Citation `kelley1995iterative' on page 104 undefined on
 input line 170.

[104]
<finite_difference_converge_plot.pdf, id=742, 505.89pt x 505.89pt>
File: finite_difference_converge_plot.pdf Graphic file (type pdf)
<use finite_difference_converge_plot.pdf>
Package pdftex.def Info: finite_difference_converge_plot.pdf  used on input lin
e 193.
(pdftex.def)             Requested size: 256.07838pt x 256.0748pt.
 [105 <./finite_difference_converge_plot.pdf>]
</home/padraig/programming/R/latex/local_min/quadratic_fail.pdf, id=752, 505.89
pt x 505.89pt>
File: /home/padraig/programming/R/latex/local_min/quadratic_fail.pdf Graphic fi
le (type pdf)
<use /home/padraig/programming/R/latex/local_min/quadratic_fail.pdf>
Package pdftex.def Info: /home/padraig/programming/R/latex/local_min/quadratic_
fail.pdf  used on input line 215.
(pdftex.def)             Requested size: 256.0748pt x 256.07838pt.


Package natbib Warning: Citation `nocedalnumerical' on page 106 undefined on in
put line 220.


Underfull \hbox (badness 10000) in paragraph at lines 220--221

 []

[106 </home/padraig/programming/R/latex/local_min/quadratic_fail.pdf>]

Package natbib Warning: Citation `nocedalnumerical' on page 107 undefined on in
put line 256.


Package natbib Warning: Citation `tamir1976line' on page 107 undefined on input
 line 260.


Underfull \hbox (badness 10000) in paragraph at lines 260--261

 []

[107]

Package natbib Warning: Citation `barzilai1982nonpolynomial' on page 108 undefi
ned on input line 262.

[108]
Appendix B.

Package natbib Warning: Citation `nocedalnumerical' on page 109 undefined on in
put line 270.


Package natbib Warning: Citation `kelly2002filtering' on page 109 undefined on 
input line 270.


Package natbib Warning: Citation `kelley2011implicit' on page 109 undefined on 
input line 270.

[109

]
Underfull \hbox (badness 10000) in paragraph at lines 302--303

 []


Package natbib Warning: Citation `kelley2001implicit' on page 110 undefined on 
input line 304.


Underfull \hbox (badness 10000) in paragraph at lines 304--305

 []


Package natbib Warning: Citation `nocedalnumerical' on page 110 undefined on in
put line 306.


Package natbib Warning: Citation `kelly2002filtering' on page 110 undefined on 
input line 306.


Package natbib Warning: Citation `kelley2011implicit' on page 110 undefined on 
input line 306.


Package natbib Warning: Citation `kelley2001implicit' on page 110 undefined on 
input line 306.

[110]
Underfull \hbox (badness 10000) in paragraph at lines 319--320

 []


Underfull \hbox (badness 10000) in paragraph at lines 348--349

 []

[111] [112]
<implicit_filtering_0_7.pdf, id=783, 505.89pt x 505.89pt>
File: implicit_filtering_0_7.pdf Graphic file (type pdf)
<use implicit_filtering_0_7.pdf>
Package pdftex.def Info: implicit_filtering_0_7.pdf  used on input line 373.
(pdftex.def)             Requested size: 256.07838pt x 256.0748pt.
<implicit_filtering_0_9.pdf, id=784, 505.89pt x 505.89pt>
File: implicit_filtering_0_9.pdf Graphic file (type pdf)
<use implicit_filtering_0_9.pdf>
Package pdftex.def Info: implicit_filtering_0_9.pdf  used on input line 377.
(pdftex.def)             Requested size: 256.07838pt x 256.0748pt.
<implicit_filtering_no_penalty.pdf, id=785, 505.89pt x 505.89pt>
File: implicit_filtering_no_penalty.pdf Graphic file (type pdf)
<use implicit_filtering_no_penalty.pdf>
Package pdftex.def Info: implicit_filtering_no_penalty.pdf  used on input line 
385.
(pdftex.def)             Requested size: 256.07838pt x 256.0748pt.
)
No file thesis_intro.bbl.

Package natbib Warning: There were undefined citations.

[113 <./implicit_filtering_0_7.pdf> <./implicit_filtering_0_9.pdf>] [114 <./imp
licit_filtering_no_penalty.pdf>] (./thesis_intro.aux)

LaTeX Warning: There were undefined references.

 ) 
Here is how much of TeX's memory you used:
 6305 strings out of 494847
 99726 string characters out of 6179079
 152341 words of memory out of 5000000
 9435 multiletter control sequences out of 15000+600000
 23774 words of font info for 91 fonts, out of 8000000 for 9000
 59 hyphenation exceptions out of 8191
 44i,15n,49p,1638b,415s stack positions out of 5000i,500n,10000p,200000b,80000s
 </home/padraig/.texlive2017/texmf-var/fonts/pk/ljfour/jknappen/ec/tcbx1200.6
00pk> </home/padraig/.texlive2017/texmf-var/fonts/pk/ljfour/jknappen/ec/tcrm120
0.600pk></usr/share/texlive/texmf-dist/fonts/type1/public/amsfonts/cm/cmbx10.pf
b></usr/share/texlive/texmf-dist/fonts/type1/public/amsfonts/cm/cmbx12.pfb></us
r/share/texlive/texmf-dist/fonts/type1/public/amsfonts/cm/cmbx8.pfb></usr/share
/texlive/texmf-dist/fonts/type1/public/amsfonts/cm/cmcsc10.pfb></usr/share/texl
ive/texmf-dist/fonts/type1/public/amsfonts/cm/cmex10.pfb></usr/share/texlive/te
xmf-dist/fonts/type1/public/amsfonts/cm/cmmi10.pfb></usr/share/texlive/texmf-di
st/fonts/type1/public/amsfonts/cm/cmmi12.pfb></usr/share/texlive/texmf-dist/fon
ts/type1/public/amsfonts/cm/cmmi6.pfb></usr/share/texlive/texmf-dist/fonts/type
1/public/amsfonts/cm/cmmi7.pfb></usr/share/texlive/texmf-dist/fonts/type1/publi
c/amsfonts/cm/cmmi8.pfb></usr/share/texlive/texmf-dist/fonts/type1/public/amsfo
nts/cm/cmmib10.pfb></usr/share/texlive/texmf-dist/fonts/type1/public/amsfonts/c
m/cmr10.pfb></usr/share/texlive/texmf-dist/fonts/type1/public/amsfonts/cm/cmr12
.pfb></usr/share/texlive/texmf-dist/fonts/type1/public/amsfonts/cm/cmr17.pfb></
usr/share/texlive/texmf-dist/fonts/type1/public/amsfonts/cm/cmr5.pfb></usr/shar
e/texlive/texmf-dist/fonts/type1/public/amsfonts/cm/cmr6.pfb></usr/share/texliv
e/texmf-dist/fonts/type1/public/amsfonts/cm/cmr7.pfb></usr/share/texlive/texmf-
dist/fonts/type1/public/amsfonts/cm/cmr8.pfb></usr/share/texlive/texmf-dist/fon
ts/type1/public/amsfonts/cm/cmsy10.pfb></usr/share/texlive/texmf-dist/fonts/typ
e1/public/amsfonts/cm/cmsy6.pfb></usr/share/texlive/texmf-dist/fonts/type1/publ
ic/amsfonts/cm/cmsy7.pfb></usr/share/texlive/texmf-dist/fonts/type1/public/amsf
onts/cm/cmsy8.pfb></usr/share/texlive/texmf-dist/fonts/type1/public/amsfonts/cm
/cmti10.pfb></usr/share/texlive/texmf-dist/fonts/type1/public/amsfonts/cm/cmti1
2.pfb></usr/share/texlive/texmf-dist/fonts/type1/public/amsfonts/cm/cmtt10.pfb>
</usr/share/texlive/texmf-dist/fonts/type1/public/amsfonts/cm/cmtt12.pfb></usr/
share/texlive/texmf-dist/fonts/type1/public/amsfonts/symbols/msam10.pfb></usr/s
hare/texlive/texmf-dist/fonts/type1/public/amsfonts/symbols/msbm10.pfb>
Output written on thesis_intro.pdf (116 pages, 1324664 bytes).
PDF statistics:
 912 PDF objects out of 1000 (max. 8388607)
 637 compressed objects within 7 object streams
 0 named destinations out of 1000 (max. 500000)
 276 words of extra memory for PDF output out of 10000 (max. 10000000)

