This is pdfTeX, Version 3.14159265-2.6-1.40.18 (TeX Live 2017/Debian) (preloaded format=pdflatex 2019.6.8)  15 OCT 2019 10:16
entering extended mode
 restricted \write18 enabled.
 %&-line parsing enabled.
**nonlinear_regress.latex
(./nonlinear_regress.latex
LaTeX2e <2017-04-15>
Babel <3.18> and hyphenation patterns for 3 language(s) loaded.
(/usr/share/texlive/texmf-dist/tex/latex/base/report.cls
Document Class: report 2014/09/29 v1.4h Standard LaTeX document class
(/usr/share/texlive/texmf-dist/tex/latex/base/size10.clo
File: size10.clo 2014/09/29 v1.4h Standard LaTeX file (size option)
)
\c@part=\count79
\c@chapter=\count80
\c@section=\count81
\c@subsection=\count82
\c@subsubsection=\count83
\c@paragraph=\count84
\c@subparagraph=\count85
\c@figure=\count86
\c@table=\count87
\abovecaptionskip=\skip41
\belowcaptionskip=\skip42
\bibindent=\dimen102
)
(/usr/share/texlive/texmf-dist/tex/latex/amsmath/amsmath.sty
Package: amsmath 2017/09/02 v2.17a AMS math features
\@mathmargin=\skip43

For additional information on amsmath, use the `?' option.
(/usr/share/texlive/texmf-dist/tex/latex/amsmath/amstext.sty
Package: amstext 2000/06/29 v2.01 AMS text

(/usr/share/texlive/texmf-dist/tex/latex/amsmath/amsgen.sty
File: amsgen.sty 1999/11/30 v2.0 generic functions
\@emptytoks=\toks14
\ex@=\dimen103
))
(/usr/share/texlive/texmf-dist/tex/latex/amsmath/amsbsy.sty
Package: amsbsy 1999/11/29 v1.2d Bold Symbols
\pmbraise@=\dimen104
)
(/usr/share/texlive/texmf-dist/tex/latex/amsmath/amsopn.sty
Package: amsopn 2016/03/08 v2.02 operator names
)
\inf@bad=\count88
LaTeX Info: Redefining \frac on input line 213.
\uproot@=\count89
\leftroot@=\count90
LaTeX Info: Redefining \overline on input line 375.
\classnum@=\count91
\DOTSCASE@=\count92
LaTeX Info: Redefining \ldots on input line 472.
LaTeX Info: Redefining \dots on input line 475.
LaTeX Info: Redefining \cdots on input line 596.
\Mathstrutbox@=\box26
\strutbox@=\box27
\big@size=\dimen105
LaTeX Font Info:    Redeclaring font encoding OML on input line 712.
LaTeX Font Info:    Redeclaring font encoding OMS on input line 713.
\macc@depth=\count93
\c@MaxMatrixCols=\count94
\dotsspace@=\muskip10
\c@parentequation=\count95
\dspbrk@lvl=\count96
\tag@help=\toks15
\row@=\count97
\column@=\count98
\maxfields@=\count99
\andhelp@=\toks16
\eqnshift@=\dimen106
\alignsep@=\dimen107
\tagshift@=\dimen108
\tagwidth@=\dimen109
\totwidth@=\dimen110
\lineht@=\dimen111
\@envbody=\toks17
\multlinegap=\skip44
\multlinetaggap=\skip45
\mathdisplay@stack=\toks18
LaTeX Info: Redefining \[ on input line 2817.
LaTeX Info: Redefining \] on input line 2818.
)
(/usr/share/texlive/texmf-dist/tex/latex/amsfonts/amsfonts.sty
Package: amsfonts 2013/01/14 v3.01 Basic AMSFonts support
\symAMSa=\mathgroup4
\symAMSb=\mathgroup5
LaTeX Font Info:    Overwriting math alphabet `\mathfrak' in version `bold'
(Font)                  U/euf/m/n --> U/euf/b/n on input line 106.
)
(/usr/share/texlive/texmf-dist/tex/latex/graphics/graphicx.sty
Package: graphicx 2017/06/01 v1.1a Enhanced LaTeX Graphics (DPC,SPQR)

(/usr/share/texlive/texmf-dist/tex/latex/graphics/keyval.sty
Package: keyval 2014/10/28 v1.15 key=value parser (DPC)
\KV@toks@=\toks19
)
(/usr/share/texlive/texmf-dist/tex/latex/graphics/graphics.sty
Package: graphics 2017/06/25 v1.2c Standard LaTeX Graphics (DPC,SPQR)

(/usr/share/texlive/texmf-dist/tex/latex/graphics/trig.sty
Package: trig 2016/01/03 v1.10 sin cos tan (DPC)
)
(/usr/share/texlive/texmf-dist/tex/latex/graphics-cfg/graphics.cfg
File: graphics.cfg 2016/06/04 v1.11 sample graphics configuration
)
Package graphics Info: Driver file: pdftex.def on input line 99.

(/usr/share/texlive/texmf-dist/tex/latex/graphics-def/pdftex.def
File: pdftex.def 2018/01/08 v1.0l Graphics/color driver for pdftex
))
\Gin@req@height=\dimen112
\Gin@req@width=\dimen113
)
(/usr/share/texlive/texmf-dist/tex/latex/subfig/subfig.sty
Package: subfig 2005/06/28 ver: 1.3 subfig package

(/usr/share/texlive/texmf-dist/tex/latex/caption/caption.sty
Package: caption 2016/02/21 v3.3-144 Customizing captions (AR)

(/usr/share/texlive/texmf-dist/tex/latex/caption/caption3.sty
Package: caption3 2016/05/22 v1.7-166 caption3 kernel (AR)
Package caption3 Info: TeX engine: e-TeX on input line 67.
\captionmargin=\dimen114
\captionmargin@=\dimen115
\captionwidth=\dimen116
\caption@tempdima=\dimen117
\caption@indent=\dimen118
\caption@parindent=\dimen119
\caption@hangindent=\dimen120
)
\c@ContinuedFloat=\count100
)
\c@KVtest=\count101
\sf@farskip=\skip46
\sf@captopadj=\dimen121
\sf@capskip=\skip47
\sf@nearskip=\skip48
\c@subfigure=\count102
\c@subfigure@save=\count103
\c@lofdepth=\count104
\c@subtable=\count105
\c@subtable@save=\count106
\c@lotdepth=\count107
\sf@top=\skip49
\sf@bottom=\skip50
)
(./nonlinear_regress.aux)
\openout1 = `nonlinear_regress.aux'.

LaTeX Font Info:    Checking defaults for OML/cmm/m/it on input line 7.
LaTeX Font Info:    ... okay on input line 7.
LaTeX Font Info:    Checking defaults for T1/cmr/m/n on input line 7.
LaTeX Font Info:    ... okay on input line 7.
LaTeX Font Info:    Checking defaults for OT1/cmr/m/n on input line 7.
LaTeX Font Info:    ... okay on input line 7.
LaTeX Font Info:    Checking defaults for OMS/cmsy/m/n on input line 7.
LaTeX Font Info:    ... okay on input line 7.
LaTeX Font Info:    Checking defaults for OMX/cmex/m/n on input line 7.
LaTeX Font Info:    ... okay on input line 7.
LaTeX Font Info:    Checking defaults for U/cmr/m/n on input line 7.
LaTeX Font Info:    ... okay on input line 7.

(/usr/share/texlive/texmf-dist/tex/context/base/mkii/supp-pdf.mkii
[Loading MPS to PDF converter (version 2006.09.02).]
\scratchcounter=\count108
\scratchdimen=\dimen122
\scratchbox=\box28
\nofMPsegments=\count109
\nofMParguments=\count110
\everyMPshowfont=\toks20
\MPscratchCnt=\count111
\MPscratchDim=\dimen123
\MPnumerator=\count112
\makeMPintoPDFobject=\count113
\everyMPtoPDFconversion=\toks21
) (/usr/share/texlive/texmf-dist/tex/latex/oberdiek/epstopdf-base.sty
Package: epstopdf-base 2016/05/15 v2.6 Base part for package epstopdf

(/usr/share/texlive/texmf-dist/tex/generic/oberdiek/infwarerr.sty
Package: infwarerr 2016/05/16 v1.4 Providing info/warning/error messages (HO)
)
(/usr/share/texlive/texmf-dist/tex/latex/oberdiek/grfext.sty
Package: grfext 2016/05/16 v1.2 Manage graphics extensions (HO)

(/usr/share/texlive/texmf-dist/tex/generic/oberdiek/kvdefinekeys.sty
Package: kvdefinekeys 2016/05/16 v1.4 Define keys (HO)

(/usr/share/texlive/texmf-dist/tex/generic/oberdiek/ltxcmds.sty
Package: ltxcmds 2016/05/16 v1.23 LaTeX kernel commands for general use (HO)
)))
(/usr/share/texlive/texmf-dist/tex/latex/oberdiek/kvoptions.sty
Package: kvoptions 2016/05/16 v3.12 Key value format for package options (HO)

(/usr/share/texlive/texmf-dist/tex/generic/oberdiek/kvsetkeys.sty
Package: kvsetkeys 2016/05/16 v1.17 Key value parser (HO)

(/usr/share/texlive/texmf-dist/tex/generic/oberdiek/etexcmds.sty
Package: etexcmds 2016/05/16 v1.6 Avoid name clashes with e-TeX commands (HO)

(/usr/share/texlive/texmf-dist/tex/generic/oberdiek/ifluatex.sty
Package: ifluatex 2016/05/16 v1.4 Provides the ifluatex switch (HO)
Package ifluatex Info: LuaTeX not detected.
)
Package etexcmds Info: Could not find \expanded.
(etexcmds)             That can mean that you are not using pdfTeX 1.50 or
(etexcmds)             that some package has redefined \expanded.
(etexcmds)             In the latter case, load this package earlier.
)))
(/usr/share/texlive/texmf-dist/tex/generic/oberdiek/pdftexcmds.sty
Package: pdftexcmds 2018/01/21 v0.26 Utility functions of pdfTeX for LuaTeX (HO
)

(/usr/share/texlive/texmf-dist/tex/generic/oberdiek/ifpdf.sty
Package: ifpdf 2017/03/15 v3.2 Provides the ifpdf switch
)
Package pdftexcmds Info: LuaTeX not detected.
Package pdftexcmds Info: \pdf@primitive is available.
Package pdftexcmds Info: \pdf@ifprimitive is available.
Package pdftexcmds Info: \pdfdraftmode found.
)
Package epstopdf-base Info: Redefining graphics rule for `.eps' on input line 4
38.
Package grfext Info: Graphics extension search list:
(grfext)             [.pdf,.png,.jpg,.mps,.jpeg,.jbig2,.jb2,.PDF,.PNG,.JPG,.JPE
G,.JBIG2,.JB2,.eps]
(grfext)             \AppendGraphicsExtensions on input line 456.

(/usr/share/texlive/texmf-dist/tex/latex/latexconfig/epstopdf-sys.cfg
File: epstopdf-sys.cfg 2010/07/13 v1.3 Configuration of (r)epstopdf for TeX Liv
e
))
Package caption Info: Begin \AtBeginDocument code.
Package caption Info: subfig package v1.3 is loaded.
Package caption Info: End \AtBeginDocument code.

Chapter 1.
LaTeX Font Info:    Try loading font information for U+msa on input line 11.
(/usr/share/texlive/texmf-dist/tex/latex/amsfonts/umsa.fd
File: umsa.fd 2013/01/14 v3.01 AMS symbols A
)
LaTeX Font Info:    Try loading font information for U+msb on input line 11.

(/usr/share/texlive/texmf-dist/tex/latex/amsfonts/umsb.fd
File: umsb.fd 2013/01/14 v3.01 AMS symbols B
) [1


{/var/lib/texmf/fonts/map/pdftex/updmap/pdftex.map}]
</home/padraig/latex/exp_param_cascade_profile.pdf, id=14, 505.89pt x 505.89pt>

File: /home/padraig/latex/exp_param_cascade_profile.pdf Graphic file (type pdf)

<use /home/padraig/latex/exp_param_cascade_profile.pdf>
Package pdftex.def Info: /home/padraig/latex/exp_param_cascade_profile.pdf  use
d on input line 33.
(pdftex.def)             Requested size: 256.07838pt x 256.0748pt.
</home/padraig/latex/exp_param_cascade_fit.pdf, id=15, 505.89pt x 505.89pt>
File: /home/padraig/latex/exp_param_cascade_fit.pdf Graphic file (type pdf)
<use /home/padraig/latex/exp_param_cascade_fit.pdf>
Package pdftex.def Info: /home/padraig/latex/exp_param_cascade_fit.pdf  used on
 input line 34.
(pdftex.def)             Requested size: 256.07838pt x 256.0748pt.

Underfull \hbox (badness 10000) in paragraph at lines 33--35
[][]
 []

[2] [3 </home/padraig/latex/exp_param_cascade_profile.pdf> </home/padraig/latex
/exp_param_cascade_fit.pdf

pdfTeX warning: pdflatex (file /home/padraig/latex/exp_param_cascade_fit.pdf): 
PDF inclusion: /Resources missing. 'This practice is not recommended' (PDF Ref)

>]
</home/padraig/latex/ode_param_cascade_fit.pdf, id=33, 505.89pt x 505.89pt>
File: /home/padraig/latex/ode_param_cascade_fit.pdf Graphic file (type pdf)
<use /home/padraig/latex/ode_param_cascade_fit.pdf>
Package pdftex.def Info: /home/padraig/latex/ode_param_cascade_fit.pdf  used on
 input line 88.
(pdftex.def)             Requested size: 256.07838pt x 256.0748pt.
</home/padraig/latex/ode_param_cascade_contour.pdf, id=34, 505.89pt x 505.89pt>

File: /home/padraig/latex/ode_param_cascade_contour.pdf Graphic file (type pdf)

<use /home/padraig/latex/ode_param_cascade_contour.pdf>
Package pdftex.def Info: /home/padraig/latex/ode_param_cascade_contour.pdf  use
d on input line 89.
(pdftex.def)             Requested size: 256.07838pt x 256.0748pt.

Underfull \hbox (badness 10000) in paragraph at lines 88--90
[][]
 []

[4] [5 </home/padraig/latex/ode_param_cascade_fit.pdf> </home/padraig/latex/ode
_param_cascade_contour.pdf>]
</home/padraig/latex/nonlinear_regression/transport_equation_profile.pdf, id=55
, 505.89pt x 505.89pt>
File: /home/padraig/latex/nonlinear_regression/transport_equation_profile.pdf G
raphic file (type pdf)
<use /home/padraig/latex/nonlinear_regression/transport_equation_profile.pdf>
Package pdftex.def Info: /home/padraig/latex/nonlinear_regression/transport_equ
ation_profile.pdf  used on input line 135.
(pdftex.def)             Requested size: 256.07838pt x 256.0748pt.
</home/padraig/latex/nonlinear_regression/transport_200_samples.pdf, id=56, 505
.89pt x 505.89pt>
File: /home/padraig/latex/nonlinear_regression/transport_200_samples.pdf Graphi
c file (type pdf)
<use /home/padraig/latex/nonlinear_regression/transport_200_samples.pdf>
Package pdftex.def Info: /home/padraig/latex/nonlinear_regression/transport_200
_samples.pdf  used on input line 143.
(pdftex.def)             Requested size: 256.07838pt x 256.0748pt.
</home/padraig/latex/nonlinear_regression/transport_2000_samples.pdf, id=57, 50
5.89pt x 505.89pt>
File: /home/padraig/latex/nonlinear_regression/transport_2000_samples.pdf Graph
ic file (type pdf)
<use /home/padraig/latex/nonlinear_regression/transport_2000_samples.pdf>
Package pdftex.def Info: /home/padraig/latex/nonlinear_regression/transport_200
0_samples.pdf  used on input line 147.
(pdftex.def)             Requested size: 256.07838pt x 256.0748pt.


LaTeX Warning: Float too large for page by 82.14957pt on input line 151.

[6

] [7 </home/padraig/latex/nonlinear_regression/transport_equation_profile.pdf>]
 [8 </home/padraig/latex/nonlinear_regression/transport_200_samples.pdf> </home
/padraig/latex/nonlinear_regression/transport_2000_samples.pdf>]
</home/padraig/latex/nonlinear_regression/transport_mod_profile.pdf, id=86, 505
.89pt x 505.89pt>
File: /home/padraig/latex/nonlinear_regression/transport_mod_profile.pdf Graphi
c file (type pdf)
<use /home/padraig/latex/nonlinear_regression/transport_mod_profile.pdf>
Package pdftex.def Info: /home/padraig/latex/nonlinear_regression/transport_mod
_profile.pdf  used on input line 169.
(pdftex.def)             Requested size: 256.07838pt x 256.0748pt.
</home/padraig/latex/nonlinear_regression/mod_transport_plot.pdf, id=87, 505.89
pt x 505.89pt>
File: /home/padraig/latex/nonlinear_regression/mod_transport_plot.pdf Graphic f
ile (type pdf)
<use /home/padraig/latex/nonlinear_regression/mod_transport_plot.pdf>
Package pdftex.def Info: /home/padraig/latex/nonlinear_regression/mod_transport
_plot.pdf  used on input line 175.
(pdftex.def)             Requested size: 256.07838pt x 256.0748pt.
 [9

 </home/padraig/latex/nonlinear_regression/transport_mod_profile.pdf>] [10 </ho
me/padraig/latex/nonlinear_regression/mod_transport_plot.pdf>] (./nonlinear_reg
ress.aux) ) 
Here is how much of TeX's memory you used:
 3401 strings out of 494923
 53449 string characters out of 6180743
 110685 words of memory out of 5000000
 6675 multiletter control sequences out of 15000+600000
 8856 words of font info for 34 fonts, out of 8000000 for 9000
 14 hyphenation exceptions out of 8191
 44i,9n,49p,611b,360s stack positions out of 5000i,500n,10000p,200000b,80000s
</usr/share/texlive/texmf-dist/fonts/type1/public/amsfonts/cm/cmbx10
.pfb></usr/share/texlive/texmf-dist/fonts/type1/public/amsfonts/cm/cmbx12.pfb><
/usr/share/texlive/texmf-dist/fonts/type1/public/amsfonts/cm/cmex10.pfb></usr/s
hare/texlive/texmf-dist/fonts/type1/public/amsfonts/cm/cmmi10.pfb></usr/share/t
exlive/texmf-dist/fonts/type1/public/amsfonts/cm/cmmi5.pfb></usr/share/texlive/
texmf-dist/fonts/type1/public/amsfonts/cm/cmmi7.pfb></usr/share/texlive/texmf-d
ist/fonts/type1/public/amsfonts/cm/cmr10.pfb></usr/share/texlive/texmf-dist/fon
ts/type1/public/amsfonts/cm/cmr7.pfb></usr/share/texlive/texmf-dist/fonts/type1
/public/amsfonts/cm/cmr8.pfb></usr/share/texlive/texmf-dist/fonts/type1/public/
amsfonts/cm/cmsy10.pfb></usr/share/texlive/texmf-dist/fonts/type1/public/amsfon
ts/cm/cmsy7.pfb></usr/share/texlive/texmf-dist/fonts/type1/public/amsfonts/cm/c
mtt10.pfb></usr/share/texlive/texmf-dist/fonts/type1/public/amsfonts/symbols/ms
bm10.pfb>
Output written on nonlinear_regress.pdf (10 pages, 196674 bytes).
PDF statistics:
 150 PDF objects out of 1000 (max. 8388607)
 106 compressed objects within 2 object streams
 0 named destinations out of 1000 (max. 500000)
 46 words of extra memory for PDF output out of 10000 (max. 10000000)

